Mplus VERSION 8.8
MUTHEN & MUTHEN
09/20/2022  11:15 PM

INPUT INSTRUCTIONS

  TITLE: covid data mimic;
  DATA: FILE IS data_bike.csv;
  VARIABLE: NAMES ARE prebike frebike intent educ age income hhveh bike prebzm white disab
  cov1-cov12 onl1-onl5 env1-env3 soc1-soc3 out1-out4;
            MISSING = .;
            USEVARIABLES ARE cov1-cov12 env1-env3 onl1-onl5 prebike bike frebike intent
            age educ hhveh income;
            CATEGORICAL = cov1-cov12 env1-env3 onl1-onl5 prebike bike intent; !frebike;

  ANALYSIS: !TYPE = EFA 5 6;

            !ROTATION=VARIMAX;
            !ROTATION=GEOMIN (oblique);
            !ROTATION=PROMAX;
            !ESTIMATOR=ML;

            PARAMETERIZATION=THETA;
            !Bootstrap = 1000;
            !STARTS = 100;

  MODEL:
            f1 by cov1-cov4;
            f2 by cov11 cov12 cov3;
            f3 by cov5-cov10;
            f4 by env1-env3;
            f5 by onl1-onl5;
            f6 by prebike bike frebike;
            intent ON f1 f2 f3 f4 f5 f6 age educ hhveh income;

            !set the factor variance to 1
            !f1 by cov1-cov4*;
            !f2 by cov11* cov12 cov3;
            !f3 by cov5-cov10*;
            !f4 by env1-env3*;
            !f5 by onl1-onl5*;
            !f6 by prebike* bike frebike;
            !intent ON f1 f2 f3 f4 f5 f6 age educ hhveh income;
            !f1-f6@1;


  OUTPUT:   !STANDARDIZED;
            !STANDARDIZED CINTERVAL(bcbootstrap);
            STDYX;



*** WARNING
  Data set contains cases with missing on x-variables.
  These cases were not included in the analysis.
  Number of cases with missing on x-variables:  43
   1 WARNING(S) FOUND IN THE INPUT INSTRUCTIONS



covid data mimic;

SUMMARY OF ANALYSIS

Number of groups                                                 1
Number of observations                                        8109

Number of dependent variables                                   24
Number of independent variables                                  4
Number of continuous latent variables                            6

Observed dependent variables

  Continuous
   FREBIKE

  Binary and ordered categorical (ordinal)
   COV1        COV2        COV3        COV4        COV5        COV6
   COV7        COV8        COV9        COV10       COV11       COV12
   ENV1        ENV2        ENV3        ONL1        ONL2        ONL3
   ONL4        ONL5        PREBIKE     BIKE        INTENT

Observed independent variables
   AGE         EDUC        HHVEH       INCOME

Continuous latent variables
   F1          F2          F3          F4          F5          F6


Estimator                                                    WLSMV
Maximum number of iterations                                  1000
Convergence criterion                                    0.500D-04
Maximum number of steepest descent iterations                   20
Maximum number of iterations for H1                           2000
Convergence criterion for H1                             0.100D-03
Parameterization                                             THETA
Link                                                        PROBIT

Input data file(s)
  data_bike.csv

Input data format  FREE


SUMMARY OF DATA

     Number of missing data patterns            92


COVARIANCE COVERAGE OF DATA

Minimum covariance coverage value   0.100


     PROPORTION OF DATA PRESENT


           Covariance Coverage
              COV1          COV2          COV3          COV4          COV5
              ________      ________      ________      ________      ________
 COV1           0.998
 COV2           0.998         0.999
 COV3           0.997         0.998         0.999
 COV4           0.998         0.998         0.998         0.999
 COV5           0.600         0.600         0.600         0.600         0.601
 COV6           0.997         0.998         0.998         0.998         0.600
 COV7           0.997         0.997         0.997         0.997         0.600
 COV8           0.997         0.998         0.998         0.998         0.600
 COV9           0.997         0.998         0.997         0.997         0.600
 COV10          0.998         0.998         0.998         0.998         0.600
 COV11          0.997         0.998         0.998         0.998         0.600
 COV12          0.998         0.998         0.998         0.998         0.600
 ENV1           0.997         0.998         0.997         0.998         0.600
 ENV2           0.997         0.998         0.998         0.998         0.600
 ENV3           0.997         0.998         0.997         0.998         0.600
 ONL1           0.997         0.997         0.997         0.997         0.600
 ONL2           0.993         0.994         0.994         0.994         0.599
 ONL3           0.994         0.995         0.995         0.995         0.599
 ONL4           0.995         0.996         0.996         0.996         0.599
 ONL5           0.995         0.996         0.995         0.995         0.599
 PREBIKE        0.995         0.995         0.995         0.995         0.599
 BIKE           0.998         0.999         0.999         0.999         0.601
 FREBIKE        0.982         0.983         0.983         0.983         0.591
 INTENT         0.971         0.972         0.972         0.971         0.587


           Covariance Coverage
              COV6          COV7          COV8          COV9          COV10
              ________      ________      ________      ________      ________
 COV6           0.999
 COV7           0.997         0.998
 COV8           0.998         0.997         0.998
 COV9           0.998         0.997         0.998         0.998
 COV10          0.998         0.998         0.998         0.998         0.999
 COV11          0.998         0.997         0.997         0.997         0.998
 COV12          0.998         0.997         0.998         0.998         0.998
 ENV1           0.998         0.997         0.998         0.997         0.998
 ENV2           0.998         0.997         0.998         0.997         0.998
 ENV3           0.998         0.997         0.998         0.997         0.998
 ONL1           0.997         0.996         0.997         0.997         0.997
 ONL2           0.994         0.993         0.994         0.994         0.994
 ONL3           0.995         0.994         0.995         0.994         0.995
 ONL4           0.996         0.995         0.996         0.996         0.996
 ONL5           0.996         0.995         0.995         0.995         0.996
 PREBIKE        0.995         0.994         0.995         0.995         0.995
 BIKE           0.999         0.998         0.998         0.998         0.999
 FREBIKE        0.983         0.982         0.983         0.983         0.983
 INTENT         0.972         0.971         0.971         0.971         0.972


           Covariance Coverage
              COV11         COV12         ENV1          ENV2          ENV3
              ________      ________      ________      ________      ________
 COV11          0.998
 COV12          0.998         0.999
 ENV1           0.997         0.998         0.998
 ENV2           0.997         0.998         0.998         0.998
 ENV3           0.997         0.998         0.998         0.998         0.998
 ONL1           0.997         0.997         0.997         0.997         0.997
 ONL2           0.993         0.994         0.994         0.994         0.994
 ONL3           0.994         0.995         0.995         0.995         0.995
 ONL4           0.996         0.996         0.996         0.996         0.996
 ONL5           0.995         0.996         0.995         0.996         0.995
 PREBIKE        0.995         0.995         0.995         0.995         0.995
 BIKE           0.998         0.999         0.998         0.998         0.998
 FREBIKE        0.983         0.983         0.983         0.983         0.983
 INTENT         0.971         0.972         0.971         0.971         0.971


           Covariance Coverage
              ONL1          ONL2          ONL3          ONL4          ONL5
              ________      ________      ________      ________      ________
 ONL1           0.998
 ONL2           0.993         0.995
 ONL3           0.994         0.991         0.995
 ONL4           0.995         0.992         0.995         0.997
 ONL5           0.995         0.992         0.995         0.996         0.996
 PREBIKE        0.994         0.991         0.992         0.993         0.993
 BIKE           0.998         0.995         0.995         0.997         0.996
 FREBIKE        0.982         0.979         0.980         0.981         0.981
 INTENT         0.971         0.969         0.969         0.970         0.969


           Covariance Coverage
              PREBIKE       BIKE          FREBIKE       INTENT
              ________      ________      ________      ________
 PREBIKE        0.996
 BIKE           0.996         1.000
 FREBIKE        0.982         0.984         0.984
 INTENT         0.969         0.972         0.959         0.972


UNIVARIATE PROPORTIONS AND COUNTS FOR CATEGORICAL VARIABLES

    COV1
      Category 1    0.085          687.000
      Category 2    0.142         1151.000
      Category 3    0.163         1319.000
      Category 4    0.311         2520.000
      Category 5    0.299         2418.000
    COV2
      Category 1    0.049          397.000
      Category 2    0.074          601.000
      Category 3    0.122          990.000
      Category 4    0.358         2899.000
      Category 5    0.397         3213.000
    COV3
      Category 1    0.062          498.000
      Category 2    0.079          637.000
      Category 3    0.112          906.000
      Category 4    0.285         2311.000
      Category 5    0.463         3745.000
    COV4
      Category 1    0.102          823.000
      Category 2    0.158         1280.000
      Category 3    0.237         1918.000
      Category 4    0.296         2393.000
      Category 5    0.208         1684.000
    COV5
      Category 1    0.116          564.000
      Category 2    0.177          864.000
      Category 3    0.314         1529.000
      Category 4    0.238         1161.000
      Category 5    0.154          752.000
    COV6
      Category 1    0.047          377.000
      Category 2    0.226         1828.000
      Category 3    0.446         3615.000
      Category 4    0.205         1663.000
      Category 5    0.076          614.000
    COV7
      Category 1    0.026          208.000
      Category 2    0.052          419.000
      Category 3    0.194         1572.000
      Category 4    0.387         3129.000
      Category 5    0.341         2763.000
    COV8
      Category 1    0.458         3712.000
      Category 2    0.386         3123.000
      Category 3    0.107          869.000
      Category 4    0.029          236.000
      Category 5    0.019          156.000
    COV9
      Category 1    0.033          270.000
      Category 2    0.140         1137.000
      Category 3    0.378         3057.000
      Category 4    0.292         2361.000
      Category 5    0.157         1268.000
    COV10
      Category 1    0.025          205.000
      Category 2    0.054          440.000
      Category 3    0.202         1638.000
      Category 4    0.342         2768.000
      Category 5    0.376         3047.000
    COV11
      Category 1    0.471         3812.000
      Category 2    0.176         1423.000
      Category 3    0.118          958.000
      Category 4    0.138         1118.000
      Category 5    0.097          785.000
    COV12
      Category 1    0.308         2497.000
      Category 2    0.227         1837.000
      Category 3    0.170         1373.000
      Category 4    0.167         1353.000
      Category 5    0.128         1040.000
    ENV1
      Category 1    0.027          222.000
      Category 2    0.070          569.000
      Category 3    0.252         2037.000
      Category 4    0.422         3413.000
      Category 5    0.229         1854.000
    ENV2
      Category 1    0.079          638.000
      Category 2    0.167         1348.000
      Category 3    0.299         2422.000
      Category 4    0.291         2353.000
      Category 5    0.165         1335.000
    ENV3
      Category 1    0.151         1223.000
      Category 2    0.174         1406.000
      Category 3    0.272         2203.000
      Category 4    0.255         2064.000
      Category 5    0.148         1199.000
    ONL1
      Category 1    0.040          327.000
      Category 2    0.061          496.000
      Category 3    0.171         1385.000
      Category 4    0.375         3036.000
      Category 5    0.352         2846.000
    ONL2
      Category 1    0.071          576.000
      Category 2    0.075          606.000
      Category 3    0.349         2811.000
      Category 4    0.245         1977.000
      Category 5    0.260         2095.000
    ONL3
      Category 1    0.038          307.000
      Category 2    0.077          621.000
      Category 3    0.192         1551.000
      Category 4    0.407         3282.000
      Category 5    0.286         2311.000
    ONL4
      Category 1    0.129         1044.000
      Category 2    0.186         1504.000
      Category 3    0.169         1368.000
      Category 4    0.325         2629.000
      Category 5    0.190         1536.000
    ONL5
      Category 1    0.140         1133.000
      Category 2    0.184         1487.000
      Category 3    0.214         1729.000
      Category 4    0.292         2358.000
      Category 5    0.170         1371.000
    PREBIKE
      Category 1    0.645         5210.000
      Category 2    0.123          991.000
      Category 3    0.110          888.000
      Category 4    0.092          742.000
      Category 5    0.030          244.000
    BIKE
      Category 1    0.538         4360.000
      Category 2    0.462         3749.000
    INTENT
      Category 1    0.021          169.000
      Category 2    0.023          179.000
      Category 3    0.815         6428.000
      Category 4    0.111          878.000
      Category 5    0.029          230.000



UNIVARIATE SAMPLE STATISTICS


     UNIVARIATE HIGHER-ORDER MOMENT DESCRIPTIVE STATISTICS

         Variable/         Mean/     Skewness/   Minimum/ % with                Percentiles
        Sample Size      Variance    Kurtosis    Maximum  Min/Max      20%/60%    40%/80%    Median

     FREBIKE               0.538       2.906       0.000   79.10%       0.000      0.000      0.000
            7976.000       1.686       8.697       7.000    1.05%       0.000      1.000
     AGE                  49.908      -0.039      18.000    0.76%      32.000     44.000     51.000
            8109.000     308.641      -1.092      90.000    0.17%      57.000     67.000
     EDUC                  3.520      -0.176       1.000    2.06%       3.000      3.000      4.000
            8109.000       1.113      -0.798       5.000   21.21%       4.000      5.000
     HHVEH                 2.707       0.480       1.000    6.86%       2.000      2.000      3.000
            8109.000       0.890       0.034       5.000    4.99%       3.000      3.000
     INCOME                6.195      -0.026       1.000    5.09%       4.000      6.000      6.000
            8109.000       6.999      -0.618      11.000    6.96%       7.000      8.000


     THIS ANALYSIS MAY HAVE MULTIPLE SOLUTIONS.  EXPLORE THIS USING RANDOM STARTS,
     FOR EXAMPLE, STARTS = 20.  USE A LARGE ENOUGH NUMBER OF STARTS SO THAT THE
     BEST FIT FUNCTION VALUE IS REPLICATED SEVERAL TIMES.


THE MODEL ESTIMATION TERMINATED NORMALLY



MODEL FIT INFORMATION

Number of Free Parameters                      140

Chi-Square Test of Model Fit

          Value                           7478.396*
          Degrees of Freedom                   323
          P-Value                           0.0000

*   The chi-square value for MLM, MLMV, MLR, ULSMV, WLSM and WLSMV cannot be used
    for chi-square difference testing in the regular way.  MLM, MLR and WLSM
    chi-square difference testing is described on the Mplus website.  MLMV, WLSMV,
    and ULSMV difference testing is done using the DIFFTEST option.

RMSEA (Root Mean Square Error Of Approximation)

          Estimate                           0.052
          90 Percent C.I.                    0.051  0.053
          Probability RMSEA <= .05           0.000

CFI/TLI

          CFI                                0.946
          TLI                                0.938

Chi-Square Test of Model Fit for the Baseline Model

          Value                         134020.533
          Degrees of Freedom                   372
          P-Value                           0.0000

SRMR (Standardized Root Mean Square Residual)

          Value                              0.069

Optimum Function Value for Weighted Least-Squares Estimator

          Value                     0.50549411D+00



MODEL RESULTS

                                                    Two-Tailed
                    Estimate       S.E.  Est./S.E.    P-Value

 F1       BY
    COV1               1.000      0.000    999.000    999.000
    COV2               0.971      0.028     34.102      0.000
    COV3               0.718      0.027     26.200      0.000
    COV4               0.654      0.020     32.717      0.000

 F2       BY
    COV11              1.000      0.000    999.000    999.000
    COV12              0.543      0.035     15.410      0.000
    COV3              -0.277      0.017    -16.180      0.000

 F3       BY
    COV5               1.000      0.000    999.000    999.000
    COV6               1.520      0.049     31.319      0.000
    COV7               1.836      0.061     29.934      0.000
    COV8               0.714      0.026     27.179      0.000
    COV9               1.497      0.048     31.118      0.000
    COV10              1.829      0.062     29.668      0.000

 F4       BY
    ENV1               1.000      0.000    999.000    999.000
    ENV2               0.909      0.036     25.560      0.000
    ENV3               0.927      0.035     26.681      0.000

 F5       BY
    ONL1               1.000      0.000    999.000    999.000
    ONL2               0.958      0.052     18.606      0.000
    ONL3               2.585      0.121     21.310      0.000
    ONL4               2.352      0.112     20.974      0.000
    ONL5               2.522      0.124     20.275      0.000

 F6       BY
    PREBIKE            1.000      0.000    999.000    999.000
    BIKE               0.811      0.057     14.107      0.000
    FREBIKE            0.376      0.017     21.730      0.000

 INTENT   ON
    F1                 0.040      0.024      1.678      0.093
    F2                 0.021      0.011      1.982      0.047
    F3                 0.094      0.031      3.035      0.002
    F4                 0.044      0.016      2.715      0.007
    F5                -0.011      0.045     -0.253      0.800
    F6                 0.109      0.008     14.285      0.000

 INTENT   ON
    AGE               -0.005      0.001     -5.396      0.000
    EDUC               0.073      0.016      4.435      0.000
    HHVEH             -0.032      0.017     -1.845      0.065
    INCOME             0.012      0.007      1.717      0.086

 F2       WITH
    F1                -2.050      0.119    -17.221      0.000

 F3       WITH
    F1                 0.662      0.027     24.470      0.000
    F2                -1.059      0.066    -16.007      0.000

 F4       WITH
    F1                 0.666      0.030     22.105      0.000
    F2                -1.280      0.084    -15.249      0.000
    F3                 0.298      0.017     17.082      0.000

 F5       WITH
    F1                 0.223      0.013     17.829      0.000
    F2                -0.312      0.025    -12.613      0.000
    F3                 0.122      0.008     15.953      0.000
    F4                 0.184      0.011     15.984      0.000

 F6       WITH
    F1                 0.016      0.042      0.385      0.700
    F2                 0.533      0.094      5.705      0.000
    F3                -0.034      0.025     -1.389      0.165
    F4                 0.788      0.056     13.970      0.000
    F5                -0.001      0.014     -0.096      0.923

 Intercepts
    FREBIKE            0.777      0.071     10.879      0.000

 Thresholds
    COV1$1            -1.812      0.100    -18.148      0.000
    COV1$2            -0.784      0.098     -8.027      0.000
    COV1$3            -0.009      0.097     -0.098      0.922
    COV1$4             1.323      0.098     13.440      0.000
    COV2$1            -2.603      0.103    -25.218      0.000
    COV2$2            -1.814      0.100    -18.062      0.000
    COV2$3            -1.064      0.098    -10.908      0.000
    COV2$4             0.453      0.097      4.675      0.000
    COV3$1            -3.156      0.119    -26.540      0.000
    COV3$2            -2.325      0.115    -20.188      0.000
    COV3$3            -1.587      0.111    -14.315      0.000
    COV3$4            -0.224      0.109     -2.062      0.039
    COV4$1            -1.826      0.079    -23.023      0.000
    COV4$2            -1.000      0.078    -12.891      0.000
    COV4$3            -0.164      0.076     -2.139      0.032
    COV4$4             0.915      0.077     11.888      0.000
    COV5$1            -2.316      0.106    -21.766      0.000
    COV5$2            -1.464      0.103    -14.229      0.000
    COV5$3            -0.405      0.101     -4.006      0.000
    COV5$4             0.553      0.102      5.433      0.000
    COV6$1            -4.094      0.102    -39.956      0.000
    COV6$2            -2.382      0.097    -24.679      0.000
    COV6$3            -0.480      0.092     -5.208      0.000
    COV6$4             0.884      0.093      9.514      0.000
    COV7$1            -3.289      0.118    -27.940      0.000
    COV7$2            -2.363      0.110    -21.458      0.000
    COV7$3            -0.927      0.106     -8.734      0.000
    COV7$4             0.861      0.105      8.190      0.000
    COV8$1            -1.517      0.074    -20.440      0.000
    COV8$2            -0.187      0.072     -2.584      0.010
    COV8$3             0.587      0.074      7.881      0.000
    COV8$4             1.072      0.078     13.729      0.000
    COV9$1            -2.898      0.099    -29.145      0.000
    COV9$2            -1.516      0.094    -16.129      0.000
    COV9$3             0.138      0.093      1.487      0.137
    COV9$4             1.499      0.093     16.140      0.000
    COV10$1           -3.519      0.116    -30.257      0.000
    COV10$2           -2.560      0.112    -22.809      0.000
    COV10$3           -1.104      0.107    -10.300      0.000
    COV10$4            0.462      0.105      4.394      0.000
    COV11$1           -1.239      0.182     -6.817      0.000
    COV11$2            0.033      0.175      0.191      0.848
    COV11$3            1.006      0.181      5.555      0.000
    COV11$4            2.618      0.207     12.656      0.000
    COV12$1           -1.051      0.107     -9.841      0.000
    COV12$2           -0.021      0.106     -0.195      0.845
    COV12$3            0.765      0.107      7.149      0.000
    COV12$4            1.804      0.110     16.344      0.000
    ENV1$1            -2.231      0.106    -21.027      0.000
    ENV1$2            -1.212      0.096    -12.582      0.000
    ENV1$3             0.280      0.094      2.986      0.003
    ENV1$4             2.133      0.099     21.546      0.000
    ENV2$1            -2.572      0.096    -26.836      0.000
    ENV2$2            -1.448      0.091    -15.908      0.000
    ENV2$3            -0.200      0.089     -2.240      0.025
    ENV2$4             1.147      0.090     12.701      0.000
    ENV3$1            -2.129      0.095    -22.395      0.000
    ENV3$2            -1.228      0.092    -13.325      0.000
    ENV3$3            -0.136      0.091     -1.494      0.135
    ENV3$4             1.112      0.092     12.059      0.000
    ONL1$1            -2.315      0.070    -33.299      0.000
    ONL1$2            -1.790      0.067    -26.674      0.000
    ONL1$3            -1.053      0.066    -15.965      0.000
    ONL1$4             0.033      0.065      0.512      0.608
    ONL2$1            -1.511      0.066    -22.877      0.000
    ONL2$2            -1.061      0.065    -16.430      0.000
    ONL2$3             0.084      0.064      1.315      0.189
    ONL2$4             0.810      0.064     12.676      0.000
    ONL3$1            -2.973      0.099    -30.112      0.000
    ONL3$2            -2.120      0.093    -22.691      0.000
    ONL3$3            -1.081      0.088    -12.235      0.000
    ONL3$4             0.517      0.087      5.944      0.000
    ONL4$1            -2.613      0.090    -28.989      0.000
    ONL4$2            -1.682      0.087    -19.238      0.000
    ONL4$3            -1.049      0.086    -12.244      0.000
    ONL4$4             0.259      0.084      3.079      0.002
    ONL5$1            -2.878      0.095    -30.223      0.000
    ONL5$2            -1.947      0.091    -21.485      0.000
    ONL5$3            -1.127      0.088    -12.850      0.000
    ONL5$4             0.148      0.086      1.726      0.084
    PREBIKE$1          1.035      0.166      6.246      0.000
    PREBIKE$2          1.956      0.176     11.136      0.000
    PREBIKE$3          3.050      0.192     15.918      0.000
    PREBIKE$4          4.852      0.228     21.314      0.000
    BIKE$1             1.865      0.159     11.697      0.000
    INTENT$1          -2.117      0.078    -27.097      0.000
    INTENT$2          -1.788      0.075    -24.000      0.000
    INTENT$3           1.119      0.075     14.962      0.000
    INTENT$4           1.979      0.076     26.107      0.000

 Variances
    F1                 1.622      0.066     24.726      0.000
    F2                 6.806      0.682      9.980      0.000
    F3                 0.620      0.036     17.330      0.000
    F4                 1.614      0.084     19.232      0.000
    F5                 0.178      0.014     12.589      0.000
    F6                 5.002      0.421     11.879      0.000

 Residual Variances
    FREBIKE            0.939      0.013     73.824      0.000


QUALITY OF NUMERICAL RESULTS

     Condition Number for the Information Matrix              0.687E-05
       (ratio of smallest to largest eigenvalue)


STANDARDIZED MODEL RESULTS


STDYX Standardization

                                                    Two-Tailed
                    Estimate       S.E.  Est./S.E.    P-Value

 F1       BY
    COV1               0.787      0.006    129.671      0.000
    COV2               0.778      0.006    122.120      0.000
    COV3               0.513      0.012     42.744      0.000
    COV4               0.640      0.009     72.987      0.000

 F2       BY
    COV11              0.934      0.006    155.816      0.000
    COV12              0.817      0.006    133.425      0.000
    COV3              -0.406      0.012    -34.701      0.000

 F3       BY
    COV5               0.619      0.011     56.157      0.000
    COV6               0.768      0.006    132.721      0.000
    COV7               0.822      0.005    156.016      0.000
    COV8               0.490      0.010     47.980      0.000
    COV9               0.763      0.006    137.763      0.000
    COV10              0.821      0.005    151.033      0.000

 F4       BY
    ENV1               0.786      0.008    100.532      0.000
    ENV2               0.756      0.008     99.937      0.000
    ENV3               0.762      0.008     95.763      0.000

 F5       BY
    ONL1               0.389      0.013     29.668      0.000
    ONL2               0.375      0.013     28.452      0.000
    ONL3               0.737      0.009     81.231      0.000
    ONL4               0.705      0.009     77.187      0.000
    ONL5               0.729      0.009     79.134      0.000

 F6       BY
    PREBIKE            0.913      0.006    142.594      0.000
    BIKE               0.876      0.008    113.120      0.000
    FREBIKE            0.656      0.006    105.572      0.000

 INTENT   ON
    F1                 0.049      0.029      1.681      0.093
    F2                 0.052      0.026      1.994      0.046
    F3                 0.070      0.023      3.049      0.002
    F4                 0.053      0.020      2.728      0.006
    F5                -0.005      0.018     -0.253      0.800
    F6                 0.232      0.012     20.068      0.000

 INTENT   ON
    AGE               -0.085      0.016     -5.431      0.000
    EDUC               0.073      0.016      4.451      0.000
    HHVEH             -0.029      0.016     -1.846      0.065
    INCOME             0.029      0.017      1.718      0.086

 F2       WITH
    F1                -0.617      0.010    -64.088      0.000

 F3       WITH
    F1                 0.660      0.009     76.106      0.000
    F2                -0.515      0.010    -51.927      0.000

 F4       WITH
    F1                 0.412      0.012     34.945      0.000
    F2                -0.386      0.012    -32.387      0.000
    F3                 0.297      0.012     24.619      0.000

 F5       WITH
    F1                 0.415      0.012     34.391      0.000
    F2                -0.283      0.013    -21.670      0.000
    F3                 0.366      0.012     29.843      0.000
    F4                 0.342      0.013     27.018      0.000

 F6       WITH
    F1                 0.006      0.015      0.385      0.701
    F2                 0.091      0.015      6.207      0.000
    F3                -0.020      0.014     -1.390      0.165
    F4                 0.277      0.014     20.100      0.000
    F5                -0.001      0.015     -0.096      0.923

 Intercepts
    FREBIKE            0.606      0.058     10.533      0.000

 Thresholds
    COV1$1            -1.119      0.062    -18.166      0.000
    COV1$2            -0.484      0.060     -8.017      0.000
    COV1$3            -0.006      0.060     -0.098      0.922
    COV1$4             0.817      0.060     13.563      0.000
    COV2$1            -1.636      0.064    -25.568      0.000
    COV2$2            -1.140      0.062    -18.253      0.000
    COV2$3            -0.669      0.061    -10.961      0.000
    COV2$4             0.285      0.061      4.674      0.000
    COV3$1            -1.771      0.065    -27.273      0.000
    COV3$2            -1.305      0.063    -20.607      0.000
    COV3$3            -0.891      0.061    -14.510      0.000
    COV3$4            -0.126      0.061     -2.064      0.039
    COV4$1            -1.403      0.060    -23.198      0.000
    COV4$2            -0.768      0.059    -12.932      0.000
    COV4$3            -0.126      0.059     -2.140      0.032
    COV4$4             0.703      0.059     11.906      0.000
    COV5$1            -1.820      0.083    -21.903      0.000
    COV5$2            -1.150      0.081    -14.277      0.000
    COV5$3            -0.318      0.079     -4.007      0.000
    COV5$4             0.434      0.080      5.436      0.000
    COV6$1            -2.625      0.062    -42.082      0.000
    COV6$2            -1.527      0.061    -25.229      0.000
    COV6$3            -0.307      0.059     -5.219      0.000
    COV6$4             0.567      0.060      9.496      0.000
    COV7$1            -1.871      0.065    -28.825      0.000
    COV7$2            -1.344      0.061    -22.010      0.000
    COV7$3            -0.527      0.060     -8.802      0.000
    COV7$4             0.490      0.060      8.169      0.000
    COV8$1            -1.322      0.065    -20.470      0.000
    COV8$2            -0.163      0.063     -2.584      0.010
    COV8$3             0.511      0.065      7.878      0.000
    COV8$4             0.934      0.068     13.719      0.000
    COV9$1            -1.874      0.064    -29.501      0.000
    COV9$2            -0.981      0.061    -16.199      0.000
    COV9$3             0.089      0.060      1.486      0.137
    COV9$4             0.970      0.060     16.167      0.000
    COV10$1           -2.007      0.063    -31.749      0.000
    COV10$2           -1.460      0.062    -23.698      0.000
    COV10$3           -0.630      0.060    -10.433      0.000
    COV10$4            0.264      0.060      4.379      0.000
    COV11$1           -0.443      0.063     -7.078      0.000
    COV11$2            0.012      0.063      0.191      0.848
    COV11$3            0.360      0.063      5.689      0.000
    COV11$4            0.937      0.065     14.508      0.000
    COV12$1           -0.606      0.061     -9.902      0.000
    COV12$2           -0.012      0.061     -0.195      0.845
    COV12$3            0.441      0.062      7.162      0.000
    COV12$4            1.041      0.063     16.561      0.000
    ENV1$1            -1.380      0.064    -21.544      0.000
    ENV1$2            -0.750      0.059    -12.651      0.000
    ENV1$3             0.173      0.058      2.992      0.003
    ENV1$4             1.319      0.058     22.632      0.000
    ENV2$1            -1.684      0.061    -27.580      0.000
    ENV2$2            -0.948      0.059    -16.053      0.000
    ENV2$3            -0.131      0.058     -2.240      0.025
    ENV2$4             0.751      0.059     12.826      0.000
    ENV3$1            -1.378      0.060    -22.874      0.000
    ENV3$2            -0.795      0.059    -13.413      0.000
    ENV3$3            -0.088      0.059     -1.494      0.135
    ENV3$4             0.719      0.059     12.172      0.000
    ONL1$1            -2.133      0.063    -33.626      0.000
    ONL1$2            -1.649      0.061    -26.879      0.000
    ONL1$3            -0.970      0.061    -16.024      0.000
    ONL1$4             0.031      0.060      0.512      0.608
    ONL2$1            -1.401      0.061    -22.946      0.000
    ONL2$2            -0.983      0.060    -16.463      0.000
    ONL2$3             0.078      0.059      1.315      0.189
    ONL2$4             0.751      0.059     12.691      0.000
    ONL3$1            -2.009      0.063    -31.905      0.000
    ONL3$2            -1.432      0.061    -23.492      0.000
    ONL3$3            -0.730      0.059    -12.387      0.000
    ONL3$4             0.349      0.059      5.950      0.000
    ONL4$1            -1.854      0.062    -29.951      0.000
    ONL4$2            -1.194      0.061    -19.524      0.000
    ONL4$3            -0.744      0.060    -12.329      0.000
    ONL4$4             0.184      0.060      3.080      0.002
    ONL5$1            -1.970      0.062    -32.025      0.000
    ONL5$2            -1.333      0.060    -22.107      0.000
    ONL5$3            -0.771      0.059    -12.998      0.000
    ONL5$4             0.101      0.059      1.726      0.084
    PREBIKE$1          0.423      0.065      6.454      0.000
    PREBIKE$2          0.798      0.065     12.222      0.000
    PREBIKE$3          1.245      0.065     19.111      0.000
    PREBIKE$4          1.980      0.069     28.809      0.000
    BIKE$1             0.900      0.071     12.598      0.000
    INTENT$1          -2.022      0.075    -27.020      0.000
    INTENT$2          -1.708      0.071    -23.946      0.000
    INTENT$3           1.068      0.071     14.951      0.000
    INTENT$4           1.890      0.073     26.050      0.000

 Variances
    F1                 1.000      0.000    999.000    999.000
    F2                 1.000      0.000    999.000    999.000
    F3                 1.000      0.000    999.000    999.000
    F4                 1.000      0.000    999.000    999.000
    F5                 1.000      0.000    999.000    999.000
    F6                 1.000      0.000    999.000    999.000

 Residual Variances
    FREBIKE            0.570      0.008     69.986      0.000


R-SQUARE

    Observed                                        Two-Tailed     Scale
    Variable        Estimate       S.E.  Est./S.E.    P-Value     Factors

    COV1               0.619      0.010     64.835      0.000      0.618
    COV2               0.605      0.010     61.060      0.000      0.629
    COV3               0.685      0.010     71.472      0.000      0.561
    COV4               0.410      0.011     36.494      0.000      0.768
    COV5               0.383      0.014     28.079      0.000      0.786
    COV6               0.589      0.009     66.361      0.000      0.641
    COV7               0.676      0.009     78.008      0.000      0.569
    COV8               0.240      0.010     23.990      0.000      0.872
    COV9               0.582      0.008     68.882      0.000      0.647
    COV10              0.675      0.009     75.517      0.000      0.570
    COV11              0.872      0.011     77.908      0.000      0.358
    COV12              0.667      0.010     66.713      0.000      0.577
    ENV1               0.617      0.012     50.266      0.000      0.619
    ENV2               0.571      0.011     49.968      0.000      0.655
    ENV3               0.581      0.012     47.882      0.000      0.647
    ONL1               0.151      0.010     14.834      0.000      0.921
    ONL2               0.141      0.010     14.226      0.000      0.927
    ONL3               0.544      0.013     40.615      0.000      0.676
    ONL4               0.496      0.013     38.594      0.000      0.710
    ONL5               0.532      0.013     39.567      0.000      0.684
    PREBIKE            0.833      0.012     71.297      0.000      0.408
    BIKE               0.767      0.014     56.560      0.000      0.483
    FREBIKE            0.430      0.008     52.786      0.000
    INTENT             0.088      0.007     13.428      0.000      0.961


DIAGRAM INFORMATION

  Use View Diagram under the Diagram menu in the Mplus Editor to view the diagram.
  If running Mplus from the Mplus Diagrammer, the diagram opens automatically.

  Diagram output
    \\apporto.com\dfs\nthw\users\fys47_northwestern\desktop\final\input_for_mplus\bike_crosssection.dgm

     Beginning Time:  23:15:06
        Ending Time:  23:15:26
       Elapsed Time:  00:00:20



MUTHEN & MUTHEN
3463 Stoner Ave.
Los Angeles, CA  90066

Tel: (310) 391-9971
Fax: (310) 391-8971
Web: www.StatModel.com
Support: Support@StatModel.com

Copyright (c) 1998-2022 Muthen & Muthen
