Mplus VERSION 8.8
MUTHEN & MUTHEN
09/20/2022  10:59 PM

INPUT INSTRUCTIONS

  TITLE: covid data mimic;
  DATA: FILE IS data_bike_wave13.csv;
  VARIABLE: NAMES ARE prebike frebike intent frewave intentwave educ age income hhveh bike
  prebzm white disab cov1-cov12 onl1-onl5 env1-env3 soc1-soc3 out1-out4 change;
            MISSING = .;
            USEVARIABLES ARE cov1-cov12 env1-env3 onl1-onl5 prebike bike frebike intent
            age educ hhveh income change;
            CATEGORICAL = cov1-cov12 env1-env3 onl1-onl5 prebike bike change intent;

  ANALYSIS: !TYPE = EFA 5 6;

            !ROTATION=VARIMAX;
            !ROTATION=GEOMIN (oblique);
            !ROTATION=PROMAX;
            !ESTIMATOR=ML;

            PARAMETERIZATION=THETA;
            !Bootstrap = 1000;
            !STARTS = 100;


  MODEL:
            f1 by cov1-cov4;
            f2 by cov11 cov12 cov3;
            f3 by cov5-cov10;
            f4 by env1-env3;
            f5 by onl1-onl5;
            f6 by prebike bike frebike;
            intent ON f1 f2 f3 f4 f5 f6 age educ hhveh income;
            change ON f6 intent age educ hhveh income;

            !f1 on age educ hhveh income;
            !f2 on age educ hhveh income;
            !f3 on age educ hhveh income;
            !f4 on age educ hhveh income;
            !f5 on age educ hhveh income;
            !f6 on age educ hhveh income;

      MODEL INDIRECT:
            change IND intent f1;
            change IND intent f2;
            change IND intent f3;
            change IND intent f4;
            change IND intent f5;
            change IND intent f6;

  OUTPUT:   !STANDARDIZED;
            !STANDARDIZED CINTERVAL(bcbootstrap);
            STDYX;
            !MODINDICES;



*** WARNING
  Data set contains cases with missing on x-variables.
  These cases were not included in the analysis.
  Number of cases with missing on x-variables:  25
   1 WARNING(S) FOUND IN THE INPUT INSTRUCTIONS



covid data mimic;

SUMMARY OF ANALYSIS

Number of groups                                                 1
Number of observations                                        2399

Number of dependent variables                                   25
Number of independent variables                                  4
Number of continuous latent variables                            6

Observed dependent variables

  Continuous
   FREBIKE

  Binary and ordered categorical (ordinal)
   COV1        COV2        COV3        COV4        COV5        COV6
   COV7        COV8        COV9        COV10       COV11       COV12
   ENV1        ENV2        ENV3        ONL1        ONL2        ONL3
   ONL4        ONL5        PREBIKE     BIKE        INTENT      CHANGE

Observed independent variables
   AGE         EDUC        HHVEH       INCOME

Continuous latent variables
   F1          F2          F3          F4          F5          F6


Estimator                                                    WLSMV
Maximum number of iterations                                  1000
Convergence criterion                                    0.500D-04
Maximum number of steepest descent iterations                   20
Maximum number of iterations for H1                           2000
Convergence criterion for H1                             0.100D-03
Parameterization                                             THETA
Link                                                        PROBIT

Input data file(s)
  data_bike_wave13.csv

Input data format  FREE


SUMMARY OF DATA

     Number of missing data patterns            36


COVARIANCE COVERAGE OF DATA

Minimum covariance coverage value   0.100


     PROPORTION OF DATA PRESENT


           Covariance Coverage
              COV1          COV2          COV3          COV4          COV5
              ________      ________      ________      ________      ________
 COV1           0.999
 COV2           0.999         1.000
 COV3           0.997         0.998         0.998
 COV4           0.999         1.000         0.998         1.000
 COV5           0.529         0.530         0.529         0.529         0.530
 COV6           0.999         1.000         0.998         1.000         0.530
 COV7           0.998         0.999         0.997         0.999         0.529
 COV8           0.999         1.000         0.998         0.999         0.529
 COV9           0.998         0.999         0.997         0.999         0.529
 COV10          0.999         1.000         0.998         0.999         0.529
 COV11          0.999         1.000         0.998         1.000         0.530
 COV12          0.999         1.000         0.998         0.999         0.530
 ENV1           0.999         1.000         0.998         1.000         0.530
 ENV2           0.999         1.000         0.998         1.000         0.530
 ENV3           0.999         1.000         0.998         1.000         0.530
 ONL1           0.998         0.999         0.998         0.999         0.529
 ONL2           0.994         0.995         0.993         0.995         0.529
 ONL3           0.995         0.996         0.995         0.996         0.529
 ONL4           0.996         0.997         0.995         0.996         0.529
 ONL5           0.996         0.997         0.996         0.997         0.529
 PREBIKE        0.997         0.997         0.996         0.997         0.529
 BIKE           0.999         1.000         0.998         1.000         0.530
 FREBIKE        0.990         0.991         0.990         0.990         0.524
 INTENT         0.976         0.977         0.976         0.977         0.517
 CHANGE         0.990         0.991         0.990         0.990         0.524


           Covariance Coverage
              COV6          COV7          COV8          COV9          COV10
              ________      ________      ________      ________      ________
 COV6           1.000
 COV7           0.999         0.999
 COV8           1.000         0.999         1.000
 COV9           0.999         0.998         0.999         0.999
 COV10          1.000         0.999         1.000         0.999         1.000
 COV11          1.000         0.999         1.000         0.999         1.000
 COV12          1.000         0.999         0.999         0.999         0.999
 ENV1           1.000         0.999         1.000         0.999         1.000
 ENV2           1.000         0.999         1.000         0.999         1.000
 ENV3           1.000         0.999         1.000         0.999         1.000
 ONL1           0.999         0.998         0.999         0.998         0.999
 ONL2           0.995         0.994         0.995         0.994         0.995
 ONL3           0.996         0.995         0.996         0.995         0.996
 ONL4           0.997         0.996         0.996         0.996         0.996
 ONL5           0.997         0.996         0.997         0.996         0.997
 PREBIKE        0.997         0.997         0.997         0.997         0.997
 BIKE           1.000         0.999         1.000         0.999         1.000
 FREBIKE        0.991         0.990         0.990         0.990         0.990
 INTENT         0.977         0.976         0.977         0.976         0.977
 CHANGE         0.991         0.990         0.990         0.990         0.990


           Covariance Coverage
              COV11         COV12         ENV1          ENV2          ENV3
              ________      ________      ________      ________      ________
 COV11          1.000
 COV12          1.000         1.000
 ENV1           1.000         1.000         1.000
 ENV2           1.000         1.000         1.000         1.000
 ENV3           1.000         1.000         1.000         1.000         1.000
 ONL1           0.999         0.999         0.999         0.999         0.999
 ONL2           0.995         0.995         0.995         0.995         0.995
 ONL3           0.996         0.996         0.996         0.996         0.996
 ONL4           0.997         0.996         0.997         0.997         0.997
 ONL5           0.997         0.997         0.997         0.997         0.997
 PREBIKE        0.997         0.997         0.997         0.997         0.997
 BIKE           1.000         1.000         1.000         1.000         1.000
 FREBIKE        0.991         0.990         0.991         0.991         0.991
 INTENT         0.977         0.977         0.977         0.977         0.977
 CHANGE         0.991         0.990         0.991         0.991         0.991


           Covariance Coverage
              ONL1          ONL2          ONL3          ONL4          ONL5
              ________      ________      ________      ________      ________
 ONL1           0.999
 ONL2           0.994         0.995
 ONL3           0.995         0.992         0.996
 ONL4           0.996         0.992         0.996         0.997
 ONL5           0.996         0.993         0.996         0.997         0.997
 PREBIKE        0.997         0.992         0.994         0.994         0.995
 BIKE           0.999         0.995         0.996         0.997         0.997
 FREBIKE        0.990         0.986         0.987         0.987         0.988
 INTENT         0.976         0.973         0.974         0.974         0.975
 CHANGE         0.990         0.986         0.987         0.987         0.988


           Covariance Coverage
              PREBIKE       BIKE          FREBIKE       INTENT        CHANGE
              ________      ________      ________      ________      ________
 PREBIKE        0.997
 BIKE           0.997         1.000
 FREBIKE        0.989         0.991         0.991
 INTENT         0.975         0.977         0.969         0.977
 CHANGE         0.989         0.991         0.991         0.969         0.991


UNIVARIATE PROPORTIONS AND COUNTS FOR CATEGORICAL VARIABLES

    COV1
      Category 1    0.078          187.000
      Category 2    0.141          338.000
      Category 3    0.143          343.000
      Category 4    0.311          745.000
      Category 5    0.327          784.000
    COV2
      Category 1    0.051          122.000
      Category 2    0.075          181.000
      Category 3    0.122          292.000
      Category 4    0.355          851.000
      Category 5    0.397          953.000
    COV3
      Category 1    0.063          150.000
      Category 2    0.077          184.000
      Category 3    0.096          229.000
      Category 4    0.289          691.000
      Category 5    0.476         1141.000
    COV4
      Category 1    0.105          251.000
      Category 2    0.161          385.000
      Category 3    0.241          578.000
      Category 4    0.284          682.000
      Category 5    0.209          502.000
    COV5
      Category 1    0.146          185.000
      Category 2    0.185          235.000
      Category 3    0.308          392.000
      Category 4    0.216          275.000
      Category 5    0.145          184.000
    COV6
      Category 1    0.053          126.000
      Category 2    0.274          658.000
      Category 3    0.440         1055.000
      Category 4    0.173          414.000
      Category 5    0.061          146.000
    COV7
      Category 1    0.025           61.000
      Category 2    0.048          115.000
      Category 3    0.197          472.000
      Category 4    0.393          942.000
      Category 5    0.337          807.000
    COV8
      Category 1    0.523         1253.000
      Category 2    0.377          903.000
      Category 3    0.072          173.000
      Category 4    0.014           34.000
      Category 5    0.015           35.000
    COV9
      Category 1    0.030           73.000
      Category 2    0.135          323.000
      Category 3    0.373          894.000
      Category 4    0.301          722.000
      Category 5    0.161          385.000
    COV10
      Category 1    0.020           47.000
      Category 2    0.052          124.000
      Category 3    0.191          458.000
      Category 4    0.335          803.000
      Category 5    0.403          966.000
    COV11
      Category 1    0.556         1333.000
      Category 2    0.163          392.000
      Category 3    0.085          204.000
      Category 4    0.112          268.000
      Category 5    0.084          202.000
    COV12
      Category 1    0.364          873.000
      Category 2    0.227          544.000
      Category 3    0.145          348.000
      Category 4    0.142          340.000
      Category 5    0.122          293.000
    ENV1
      Category 1    0.038           92.000
      Category 2    0.068          164.000
      Category 3    0.238          572.000
      Category 4    0.442         1061.000
      Category 5    0.213          510.000
    ENV2
      Category 1    0.098          235.000
      Category 2    0.181          435.000
      Category 3    0.282          677.000
      Category 4    0.289          694.000
      Category 5    0.149          358.000
    ENV3
      Category 1    0.178          426.000
      Category 2    0.180          432.000
      Category 3    0.243          583.000
      Category 4    0.253          607.000
      Category 5    0.146          351.000
    ONL1
      Category 1    0.041           99.000
      Category 2    0.064          154.000
      Category 3    0.164          393.000
      Category 4    0.377          904.000
      Category 5    0.353          847.000
    ONL2
      Category 1    0.075          178.000
      Category 2    0.070          168.000
      Category 3    0.390          930.000
      Category 4    0.214          510.000
      Category 5    0.252          601.000
    ONL3
      Category 1    0.039           94.000
      Category 2    0.077          184.000
      Category 3    0.199          475.000
      Category 4    0.418         1000.000
      Category 5    0.267          637.000
    ONL4
      Category 1    0.136          326.000
      Category 2    0.191          456.000
      Category 3    0.164          393.000
      Category 4    0.336          803.000
      Category 5    0.173          413.000
    ONL5
      Category 1    0.136          325.000
      Category 2    0.196          469.000
      Category 3    0.214          511.000
      Category 4    0.305          729.000
      Category 5    0.150          358.000
    PREBIKE
      Category 1    0.686         1642.000
      Category 2    0.120          286.000
      Category 3    0.099          237.000
      Category 4    0.073          175.000
      Category 5    0.022           53.000
    BIKE
      Category 1    0.566         1359.000
      Category 2    0.434         1040.000
    INTENT
      Category 1    0.012           28.000
      Category 2    0.015           35.000
      Category 3    0.877         2056.000
      Category 4    0.078          183.000
      Category 5    0.018           42.000
    CHANGE
      Category 1    0.013           31.000
      Category 2    0.107          255.000
      Category 3    0.814         1936.000
      Category 4    0.054          129.000
      Category 5    0.011           26.000



UNIVARIATE SAMPLE STATISTICS


     UNIVARIATE HIGHER-ORDER MOMENT DESCRIPTIVE STATISTICS

         Variable/         Mean/     Skewness/   Minimum/ % with                Percentiles
        Sample Size      Variance    Kurtosis    Maximum  Min/Max      20%/60%    40%/80%    Median

     FREBIKE               0.411       3.496       0.000   83.38%       0.000      0.000      0.000
            2377.000       1.327      13.017       7.000    0.76%       0.000      0.000
     AGE                  55.897      -0.436      18.000    0.29%      40.000     54.000     59.000
            2399.000     240.646      -0.701      90.000    0.08%      63.000     70.000
     EDUC                  3.662      -0.262       1.000    0.92%       3.000      3.000      4.000
            2399.000       0.988      -0.741       5.000   23.09%       4.000      5.000
     HHVEH                 2.687       0.531       1.000    6.42%       2.000      2.000      3.000
            2399.000       0.843       0.229       5.000    4.79%       3.000      3.000
     INCOME                6.400      -0.038       1.000    3.08%       4.000      6.000      6.000
            2399.000       6.091      -0.434      11.000    6.59%       7.000      9.000


     THIS ANALYSIS MAY HAVE MULTIPLE SOLUTIONS.  EXPLORE THIS USING RANDOM STARTS,
     FOR EXAMPLE, STARTS = 20.  USE A LARGE ENOUGH NUMBER OF STARTS SO THAT THE
     BEST FIT FUNCTION VALUE IS REPLICATED SEVERAL TIMES.


THE MODEL ESTIMATION TERMINATED NORMALLY



MODEL FIT INFORMATION

Number of Free Parameters                      150

Chi-Square Test of Model Fit

          Value                           2709.847*
          Degrees of Freedom                   345
          P-Value                           0.0000

*   The chi-square value for MLM, MLMV, MLR, ULSMV, WLSM and WLSMV cannot be used
    for chi-square difference testing in the regular way.  MLM, MLR and WLSM
    chi-square difference testing is described on the Mplus website.  MLMV, WLSMV,
    and ULSMV difference testing is done using the DIFFTEST option.

RMSEA (Root Mean Square Error Of Approximation)

          Estimate                           0.053
          90 Percent C.I.                    0.052  0.055
          Probability RMSEA <= .05           0.001

CFI/TLI

          CFI                                0.958
          TLI                                0.951

Chi-Square Test of Model Fit for the Baseline Model

          Value                          56527.094
          Degrees of Freedom                   400
          P-Value                           0.0000

SRMR (Standardized Root Mean Square Residual)

          Value                              0.072

Optimum Function Value for Weighted Least-Squares Estimator

          Value                     0.64479004D+00



MODEL RESULTS

                                                    Two-Tailed
                    Estimate       S.E.  Est./S.E.    P-Value

 F1       BY
    COV1               1.000      0.000    999.000    999.000
    COV2               0.965      0.057     17.018      0.000
    COV3               0.473      0.036     13.279      0.000
    COV4               0.556      0.031     17.918      0.000

 F2       BY
    COV11              1.000      0.000    999.000    999.000
    COV12              0.315      0.076      4.119      0.000
    COV3              -0.196      0.046     -4.278      0.000

 F3       BY
    COV5               1.000      0.000    999.000    999.000
    COV6               1.491      0.094     15.898      0.000
    COV7               1.804      0.116     15.579      0.000
    COV8               0.728      0.052     14.063      0.000
    COV9               1.522      0.094     16.178      0.000
    COV10              1.964      0.129     15.194      0.000

 F4       BY
    ENV1               1.000      0.000    999.000    999.000
    ENV2               0.843      0.064     13.212      0.000
    ENV3               0.800      0.056     14.397      0.000

 F5       BY
    ONL1               1.000      0.000    999.000    999.000
    ONL2               1.052      0.119      8.836      0.000
    ONL3               2.963      0.289     10.262      0.000
    ONL4               2.912      0.292      9.969      0.000
    ONL5               3.028      0.317      9.559      0.000

 F6       BY
    PREBIKE            1.000      0.000    999.000    999.000
    BIKE               6.682      8.487      0.787      0.431
    FREBIKE            0.534      0.021     25.131      0.000

 INTENT   ON
    F1                 0.096      0.036      2.704      0.007
    F2                -0.002      0.012     -0.179      0.858
    F3                -0.069      0.062     -1.112      0.266
    F4                 0.018      0.025      0.728      0.467
    F5                -0.218      0.109     -1.989      0.047
    F6                 0.155      0.016      9.929      0.000

 CHANGE   ON
    F6                -0.307      0.015    -19.963      0.000

 INTENT   ON
    AGE               -0.008      0.002     -3.911      0.000
    EDUC               0.053      0.039      1.353      0.176
    HHVEH             -0.044      0.039     -1.134      0.257
    INCOME             0.016      0.016      0.993      0.321

 CHANGE   ON
    INTENT            -0.105      0.024     -4.447      0.000
    AGE                0.001      0.002      0.737      0.461
    EDUC              -0.020      0.036     -0.543      0.587
    HHVEH              0.008      0.035      0.238      0.812
    INCOME            -0.010      0.015     -0.704      0.482

 F2       WITH
    F1                -5.775      1.321     -4.372      0.000

 F3       WITH
    F1                 0.920      0.070     13.078      0.000
    F2                -2.606      0.607     -4.290      0.000

 F4       WITH
    F1                 0.861      0.075     11.422      0.000
    F2                -3.610      0.834     -4.330      0.000
    F3                 0.370      0.040      9.369      0.000

 F5       WITH
    F1                 0.238      0.026      9.012      0.000
    F2                -0.735      0.181     -4.065      0.000
    F3                 0.105      0.013      7.937      0.000
    F4                 0.155      0.020      7.627      0.000

 F6       WITH
    F1                -0.061      0.063     -0.970      0.332
    F2                 0.419      0.233      1.801      0.072
    F3                -0.018      0.032     -0.565      0.572
    F4                 0.559      0.069      8.130      0.000
    F5                -0.034      0.016     -2.192      0.028

 Intercepts
    FREBIKE            0.565      0.144      3.912      0.000

 Thresholds
    COV1$1            -2.058      0.247     -8.343      0.000
    COV1$2            -0.827      0.244     -3.391      0.001
    COV1$3            -0.017      0.243     -0.070      0.944
    COV1$4             1.514      0.247      6.139      0.000
    COV2$1            -3.175      0.252    -12.577      0.000
    COV2$2            -2.268      0.248     -9.129      0.000
    COV2$3            -1.414      0.245     -5.769      0.000
    COV2$4             0.320      0.243      1.319      0.187
    COV3$1            -3.910      0.277    -14.124      0.000
    COV3$2            -3.035      0.272    -11.147      0.000
    COV3$3            -2.334      0.266     -8.772      0.000
    COV3$4            -0.818      0.260     -3.142      0.002
    COV4$1            -1.678      0.177     -9.459      0.000
    COV4$2            -0.830      0.175     -4.737      0.000
    COV4$3             0.040      0.174      0.230      0.818
    COV4$4             1.112      0.175      6.345      0.000
    COV5$1            -2.335      0.245     -9.515      0.000
    COV5$2            -1.508      0.242     -6.242      0.000
    COV5$3            -0.449      0.238     -1.889      0.059
    COV5$4             0.478      0.238      2.004      0.045
    COV6$1            -4.251      0.226    -18.834      0.000
    COV6$2            -2.347      0.217    -10.817      0.000
    COV6$3            -0.425      0.210     -2.029      0.042
    COV6$4             0.916      0.208      4.396      0.000
    COV7$1            -3.106      0.259    -11.990      0.000
    COV7$2            -2.198      0.245     -8.968      0.000
    COV7$3            -0.671      0.241     -2.789      0.005
    COV7$4             1.207      0.241      5.006      0.000
    COV8$1            -1.276      0.166     -7.706      0.000
    COV8$2             0.194      0.162      1.197      0.231
    COV8$3             0.943      0.171      5.523      0.000
    COV8$4             1.280      0.177      7.225      0.000
    COV9$1            -3.115      0.223    -13.951      0.000
    COV9$2            -1.658      0.214     -7.765      0.000
    COV9$3             0.081      0.214      0.382      0.703
    COV9$4             1.544      0.212      7.272      0.000
    COV10$1           -4.306      0.286    -15.079      0.000
    COV10$2           -3.159      0.276    -11.435      0.000
    COV10$3           -1.558      0.263     -5.921      0.000
    COV10$4            0.149      0.257      0.581      0.561
    COV11$1           -0.350      0.729     -0.480      0.631
    COV11$2            2.007      0.835      2.404      0.016
    COV11$3            3.496      1.023      3.417      0.001
    COV11$4            6.322      1.490      4.242      0.000
    COV12$1           -0.692      0.256     -2.707      0.007
    COV12$2            0.430      0.255      1.686      0.092
    COV12$3            1.211      0.258      4.688      0.000
    COV12$4            2.250      0.263      8.558      0.000
    ENV1$1            -2.125      0.242     -8.783      0.000
    ENV1$2            -1.182      0.229     -5.173      0.000
    ENV1$3             0.340      0.224      1.516      0.130
    ENV1$4             2.493      0.239     10.430      0.000
    ENV2$1            -2.508      0.214    -11.729      0.000
    ENV2$2            -1.358      0.206     -6.593      0.000
    ENV2$3            -0.149      0.203     -0.736      0.462
    ENV2$4             1.295      0.205      6.329      0.000
    ENV3$1            -2.053      0.203    -10.098      0.000
    ENV3$2            -1.181      0.199     -5.921      0.000
    ENV3$3            -0.216      0.198     -1.091      0.275
    ENV3$4             1.024      0.199      5.157      0.000
    ONL1$1            -2.684      0.146    -18.363      0.000
    ONL1$2            -2.164      0.143    -15.105      0.000
    ONL1$3            -1.478      0.143    -10.339      0.000
    ONL1$4            -0.406      0.141     -2.886      0.004
    ONL2$1            -1.670      0.142    -11.743      0.000
    ONL2$2            -1.255      0.140     -8.946      0.000
    ONL2$3            -0.002      0.138     -0.011      0.991
    ONL2$4             0.641      0.138      4.649      0.000
    ONL3$1            -3.071      0.203    -15.100      0.000
    ONL3$2            -2.239      0.196    -11.430      0.000
    ONL3$3            -1.189      0.188     -6.324      0.000
    ONL3$4             0.444      0.185      2.396      0.017
    ONL4$1            -2.337      0.193    -12.117      0.000
    ONL4$2            -1.383      0.190     -7.297      0.000
    ONL4$3            -0.757      0.188     -4.037      0.000
    ONL4$4             0.657      0.186      3.529      0.000
    ONL5$1            -3.126      0.207    -15.082      0.000
    ONL5$2            -2.123      0.198    -10.733      0.000
    ONL5$3            -1.296      0.192     -6.740      0.000
    ONL5$4             0.093      0.188      0.498      0.619
    PREBIKE$1          1.037      0.282      3.674      0.000
    PREBIKE$2          1.772      0.284      6.240      0.000
    PREBIKE$3          2.630      0.284      9.257      0.000
    PREBIKE$4          3.977      0.304     13.101      0.000
    BIKE$1             9.900     12.362      0.801      0.423
    INTENT$1          -2.603      0.198    -13.127      0.000
    INTENT$2          -2.264      0.189    -11.965      0.000
    INTENT$3           1.121      0.187      5.993      0.000
    INTENT$4           1.961      0.183     10.693      0.000
    CHANGE$1          -2.532      0.191    -13.235      0.000
    CHANGE$2          -1.338      0.173     -7.751      0.000
    CHANGE$3           1.693      0.175      9.686      0.000
    CHANGE$4           2.566      0.182     14.099      0.000

 Variances
    F1                 2.563      0.196     13.073      0.000
    F2                27.384     12.149      2.254      0.024
    F3                 0.704      0.078      9.005      0.000
    F4                 2.172      0.215     10.085      0.000
    F5                 0.131      0.022      5.809      0.000
    F6                 2.486      0.183     13.618      0.000

 Residual Variances
    FREBIKE            0.578      0.014     42.675      0.000


QUALITY OF NUMERICAL RESULTS

     Condition Number for the Information Matrix              0.165E-06
       (ratio of smallest to largest eigenvalue)


STANDARDIZED MODEL RESULTS


STDYX Standardization

                                                    Two-Tailed
                    Estimate       S.E.  Est./S.E.    P-Value

 F1       BY
    COV1               0.848      0.009     93.173      0.000
    COV2               0.840      0.009     89.183      0.000
    COV3               0.395      0.022     17.784      0.000
    COV4               0.665      0.015     43.309      0.000

 F2       BY
    COV11              0.982      0.008    127.956      0.000
    COV12              0.855      0.008    102.195      0.000
    COV3              -0.533      0.021    -25.721      0.000

 F3       BY
    COV5               0.643      0.021     30.687      0.000
    COV6               0.781      0.010     74.450      0.000
    COV7               0.834      0.010     87.690      0.000
    COV8               0.521      0.019     26.870      0.000
    COV9               0.787      0.009     82.976      0.000
    COV10              0.855      0.009     95.753      0.000

 F4       BY
    ENV1               0.827      0.013     63.981      0.000
    ENV2               0.779      0.013     58.281      0.000
    ENV3               0.763      0.014     53.451      0.000

 F5       BY
    ONL1               0.340      0.026     13.135      0.000
    ONL2               0.355      0.025     14.280      0.000
    ONL3               0.731      0.017     43.809      0.000
    ONL4               0.725      0.017     42.383      0.000
    ONL5               0.738      0.018     41.655      0.000

 F6       BY
    PREBIKE            0.844      0.009     94.948      0.000
    BIKE               0.996      0.011     89.794      0.000
    FREBIKE            0.742      0.007    100.452      0.000

 INTENT   ON
    F1                 0.147      0.054      2.739      0.006
    F2                -0.010      0.058     -0.179      0.858
    F3                -0.056      0.050     -1.118      0.264
    F4                 0.026      0.036      0.728      0.467
    F5                -0.075      0.037     -2.019      0.044
    F6                 0.233      0.020     11.554      0.000

 CHANGE   ON
    F6                -0.429      0.012    -34.397      0.000

 INTENT   ON
    AGE               -0.114      0.029     -3.957      0.000
    EDUC               0.050      0.037      1.355      0.175
    HHVEH             -0.038      0.034     -1.134      0.257
    INCOME             0.038      0.038      0.993      0.321

 CHANGE   ON
    INTENT            -0.098      0.022     -4.495      0.000
    AGE                0.019      0.026      0.737      0.461
    EDUC              -0.017      0.032     -0.543      0.587
    HHVEH              0.007      0.029      0.238      0.812
    INCOME            -0.023      0.032     -0.704      0.481

 F2       WITH
    F1                -0.689      0.015    -46.179      0.000

 F3       WITH
    F1                 0.685      0.014     50.438      0.000
    F2                -0.594      0.016    -36.423      0.000

 F4       WITH
    F1                 0.365      0.021     17.376      0.000
    F2                -0.468      0.020    -23.797      0.000
    F3                 0.300      0.021     14.114      0.000

 F5       WITH
    F1                 0.412      0.022     19.157      0.000
    F2                -0.389      0.023    -17.215      0.000
    F3                 0.347      0.022     15.567      0.000
    F4                 0.291      0.023     12.416      0.000

 F6       WITH
    F1                -0.024      0.025     -0.973      0.331
    F2                 0.051      0.026      1.971      0.049
    F3                -0.014      0.024     -0.565      0.572
    F4                 0.240      0.024     10.083      0.000
    F5                -0.060      0.026     -2.270      0.023

 Intercepts
    FREBIKE            0.498      0.129      3.861      0.000

 Thresholds
    COV1$1            -1.090      0.130     -8.404      0.000
    COV1$2            -0.438      0.129     -3.390      0.001
    COV1$3            -0.009      0.129     -0.070      0.944
    COV1$4             0.802      0.130      6.189      0.000
    COV2$1            -1.725      0.133    -12.927      0.000
    COV2$2            -1.232      0.133     -9.277      0.000
    COV2$3            -0.768      0.132     -5.815      0.000
    COV2$4             0.174      0.132      1.318      0.187
    COV3$1            -2.036      0.139    -14.643      0.000
    COV3$2            -1.580      0.138    -11.459      0.000
    COV3$3            -1.215      0.135     -8.967      0.000
    COV3$4            -0.426      0.135     -3.164      0.002
    COV4$1            -1.253      0.132     -9.490      0.000
    COV4$2            -0.620      0.131     -4.742      0.000
    COV4$3             0.030      0.130      0.230      0.818
    COV4$4             0.831      0.131      6.364      0.000
    COV5$1            -1.789      0.185     -9.645      0.000
    COV5$2            -1.155      0.184     -6.292      0.000
    COV5$3            -0.344      0.182     -1.893      0.058
    COV5$4             0.366      0.183      2.001      0.045
    COV6$1            -2.655      0.134    -19.756      0.000
    COV6$2            -1.466      0.133    -11.002      0.000
    COV6$3            -0.266      0.131     -2.032      0.042
    COV6$4             0.572      0.130      4.390      0.000
    COV7$1            -1.712      0.140    -12.257      0.000
    COV7$2            -1.212      0.133     -9.125      0.000
    COV7$3            -0.370      0.132     -2.797      0.005
    COV7$4             0.665      0.133      5.009      0.000
    COV8$1            -1.089      0.141     -7.712      0.000
    COV8$2             0.165      0.138      1.197      0.231
    COV8$3             0.804      0.146      5.524      0.000
    COV8$4             1.092      0.151      7.226      0.000
    COV9$1            -1.921      0.136    -14.162      0.000
    COV9$2            -1.022      0.131     -7.797      0.000
    COV9$3             0.050      0.132      0.382      0.703
    COV9$4             0.952      0.131      7.284      0.000
    COV10$1           -2.234      0.138    -16.236      0.000
    COV10$2           -1.639      0.136    -12.021      0.000
    COV10$3           -0.808      0.134     -6.043      0.000
    COV10$4            0.077      0.133      0.580      0.562
    COV11$1           -0.066      0.136     -0.482      0.630
    COV11$2            0.377      0.136      2.762      0.006
    COV11$3            0.656      0.138      4.765      0.000
    COV11$4            1.187      0.140      8.494      0.000
    COV12$1           -0.359      0.132     -2.710      0.007
    COV12$2            0.223      0.132      1.686      0.092
    COV12$3            0.628      0.134      4.698      0.000
    COV12$4            1.167      0.135      8.620      0.000
    ENV1$1            -1.193      0.133     -8.967      0.000
    ENV1$2            -0.664      0.128     -5.183      0.000
    ENV1$3             0.191      0.126      1.520      0.128
    ENV1$4             1.400      0.127     11.058      0.000
    ENV2$1            -1.573      0.130    -12.131      0.000
    ENV2$2            -0.852      0.128     -6.669      0.000
    ENV2$3            -0.094      0.127     -0.736      0.462
    ENV2$4             0.812      0.128      6.365      0.000
    ENV3$1            -1.328      0.130    -10.206      0.000
    ENV3$2            -0.764      0.129     -5.937      0.000
    ENV3$3            -0.140      0.128     -1.091      0.275
    ENV3$4             0.662      0.128      5.182      0.000
    ONL1$1            -2.525      0.136    -18.530      0.000
    ONL1$2            -2.036      0.134    -15.210      0.000
    ONL1$3            -1.390      0.134    -10.379      0.000
    ONL1$4            -0.382      0.132     -2.888      0.004
    ONL2$1            -1.561      0.133    -11.772      0.000
    ONL2$2            -1.173      0.131     -8.963      0.000
    ONL2$3            -0.001      0.129     -0.011      0.991
    ONL2$4             0.599      0.129      4.652      0.000
    ONL3$1            -2.096      0.133    -15.736      0.000
    ONL3$2            -1.528      0.130    -11.723      0.000
    ONL3$3            -0.812      0.127     -6.380      0.000
    ONL3$4             0.303      0.127      2.398      0.016
    ONL4$1            -1.610      0.130    -12.373      0.000
    ONL4$2            -0.953      0.130     -7.342      0.000
    ONL4$3            -0.522      0.129     -4.042      0.000
    ONL4$4             0.452      0.128      3.545      0.000
    ONL5$1            -2.109      0.132    -16.031      0.000
    ONL5$2            -1.432      0.130    -11.050      0.000
    ONL5$3            -0.874      0.128     -6.822      0.000
    ONL5$4             0.063      0.127      0.498      0.619
    PREBIKE$1          0.555      0.150      3.711      0.000
    PREBIKE$2          0.949      0.149      6.361      0.000
    PREBIKE$3          1.409      0.148      9.508      0.000
    PREBIKE$4          2.130      0.159     13.380      0.000
    BIKE$1             0.936      0.157      5.952      0.000
    INTENT$1          -2.482      0.187    -13.240      0.000
    INTENT$2          -2.158      0.179    -12.060      0.000
    INTENT$3           1.069      0.179      5.962      0.000
    INTENT$4           1.869      0.177     10.583      0.000
    CHANGE$1          -2.243      0.171    -13.131      0.000
    CHANGE$2          -1.185      0.153     -7.728      0.000
    CHANGE$3           1.499      0.155      9.645      0.000
    CHANGE$4           2.273      0.163     13.958      0.000

 Variances
    F1                 1.000      0.000    999.000    999.000
    F2                 1.000      0.000    999.000    999.000
    F3                 1.000      0.000    999.000    999.000
    F4                 1.000      0.000    999.000    999.000
    F5                 1.000      0.000    999.000    999.000
    F6                 1.000      0.000    999.000    999.000

 Residual Variances
    FREBIKE            0.449      0.011     40.939      0.000


R-SQUARE

    Observed                                        Two-Tailed     Scale
    Variable        Estimate       S.E.  Est./S.E.    P-Value     Factors

    COV1               0.719      0.015     46.586      0.000      0.530
    COV2               0.705      0.016     44.592      0.000      0.543
    COV3               0.729      0.015     49.301      0.000      0.521
    COV4               0.442      0.020     21.655      0.000      0.747
    COV5               0.413      0.027     15.343      0.000      0.766
    COV6               0.610      0.016     37.225      0.000      0.624
    COV7               0.696      0.016     43.845      0.000      0.551
    COV8               0.272      0.020     13.435      0.000      0.853
    COV9               0.620      0.015     41.488      0.000      0.617
    COV10              0.731      0.015     47.877      0.000      0.519
    COV11              0.965      0.015     63.978      0.000      0.188
    COV12              0.731      0.014     51.097      0.000      0.519
    ENV1               0.685      0.021     31.990      0.000      0.561
    ENV2               0.607      0.021     29.141      0.000      0.627
    ENV3               0.582      0.022     26.725      0.000      0.647
    ONL1               0.115      0.018      6.568      0.000      0.940
    ONL2               0.126      0.018      7.140      0.000      0.935
    ONL3               0.534      0.024     21.904      0.000      0.683
    ONL4               0.525      0.025     21.192      0.000      0.689
    ONL5               0.545      0.026     20.827      0.000      0.675
    PREBIKE            0.713      0.015     47.474      0.000      0.536
    BIKE               0.991      0.022     44.897      0.000      0.094
    FREBIKE            0.551      0.011     50.226      0.000
    INTENT             0.091      0.014      6.705      0.000      0.962
    CHANGE             0.216      0.011     19.232      0.000      0.887


TOTAL, TOTAL INDIRECT, SPECIFIC INDIRECT, AND DIRECT EFFECTS FOR LATENT RESPONSE VARIABLES


                                                    Two-Tailed
                    Estimate       S.E.  Est./S.E.    P-Value

Effects from F1 to CHANGE

  Indirect            -0.010      0.004     -2.330      0.020
  Direct effect        0.000      0.000    999.000      0.000

Effects from F2 to CHANGE

  Indirect             0.000      0.001      0.178      0.859
  Direct effect        0.000      0.000    999.000      0.000

Effects from F3 to CHANGE

  Indirect             0.007      0.007      1.080      0.280
  Direct effect        0.000      0.000    999.000      0.000

Effects from F4 to CHANGE

  Indirect            -0.002      0.003     -0.724      0.469
  Direct effect        0.000      0.000    999.000      0.000

Effects from F5 to CHANGE

  Indirect             0.023      0.013      1.789      0.074
  Direct effect        0.000      0.000    999.000      0.000

Effects from F6 to CHANGE

  Indirect            -0.016      0.004     -3.971      0.000
  Direct effect       -0.307      0.015    -19.963      0.000


TOTAL, INDIRECT, AND DIRECT EFFECTS BASED ON COUNTERFACTUALS (CAUSALLY-DEFINED EFFECTS, CONDITIONAL ON ALL OTHER COVARIATES BEING ZERO)


Effects from F1 to CHANGE

                                                    Two-Tailed
                    Estimate       S.E.  Est./S.E.    P-Value

  Tot natural IE      -0.001      0.001     -2.236      0.025
  Pure natural DE     -0.002      0.001     -2.283      0.022
  Total effect        -0.003      0.001     -2.313      0.021

 Other effects

  Pure natural IE     -0.001      0.001     -2.205      0.027
  Tot natural DE      -0.001      0.001     -2.309      0.021
  Total effect        -0.003      0.001     -2.313      0.021

Effects from F2 to CHANGE

                                                    Two-Tailed
                    Estimate       S.E.  Est./S.E.    P-Value

  Tot natural IE       0.000      0.000      0.178      0.859
  Pure natural DE      0.000      0.000      0.178      0.859
  Total effect         0.000      0.000      0.178      0.859

 Other effects

  Pure natural IE      0.000      0.000      0.178      0.859
  Tot natural DE       0.000      0.000      0.178      0.859
  Total effect         0.000      0.000      0.178      0.859

Effects from F3 to CHANGE

                                                    Two-Tailed
                    Estimate       S.E.  Est./S.E.    P-Value

  Tot natural IE       0.001      0.001      1.082      0.279
  Pure natural DE      0.001      0.001      1.064      0.288
  Total effect         0.002      0.002      1.078      0.281

 Other effects

  Pure natural IE      0.001      0.001      1.095      0.273
  Tot natural DE       0.001      0.001      1.053      0.292
  Total effect         0.002      0.002      1.078      0.281

Effects from F4 to CHANGE

                                                    Two-Tailed
                    Estimate       S.E.  Est./S.E.    P-Value

  Tot natural IE       0.000      0.000     -0.720      0.471
  Pure natural DE      0.000      0.000     -0.723      0.470
  Total effect        -0.001      0.001     -0.723      0.469

 Other effects

  Pure natural IE      0.000      0.000     -0.718      0.473
  Tot natural DE       0.000      0.000     -0.726      0.468
  Total effect        -0.001      0.001     -0.723      0.469

Effects from F5 to CHANGE

                                                    Two-Tailed
                    Estimate       S.E.  Est./S.E.    P-Value

  Tot natural IE       0.003      0.002      1.810      0.070
  Pure natural DE      0.004      0.002      1.734      0.083
  Total effect         0.007      0.004      1.791      0.073

 Other effects

  Pure natural IE      0.003      0.002      1.861      0.063
  Tot natural DE       0.004      0.002      1.707      0.088
  Total effect         0.007      0.004      1.791      0.073

Effects from F6 to CHANGE

                                                    Two-Tailed
                    Estimate       S.E.  Est./S.E.    P-Value

  Tot natural IE      -0.003      0.001     -3.282      0.001
  Pure natural DE     -0.097      0.010     -9.999      0.000
  Total effect        -0.100      0.010     -9.875      0.000

 Other effects

  Pure natural IE     -0.002      0.001     -3.497      0.000
  Tot natural DE      -0.097      0.010     -9.877      0.000
  Total effect        -0.100      0.010     -9.875      0.000


STANDARDIZED TOTAL, TOTAL INDIRECT, SPECIFIC INDIRECT, AND DIRECT EFFECTS FOR LATENT RESPONSE VARIABLES


STDYX Standardization

                                                    Two-Tailed
                    Estimate       S.E.  Est./S.E.    P-Value

Effects from F1 to CHANGE

  Indirect            -0.014      0.006     -2.346      0.019
  Direct effect        0.000      0.000      0.000      1.000

Effects from F2 to CHANGE

  Indirect             0.001      0.006      0.178      0.859
  Direct effect        0.000      0.000      0.000      1.000

Effects from F3 to CHANGE

  Indirect             0.005      0.005      1.084      0.279
  Direct effect        0.000      0.000      0.000      1.000

Effects from F4 to CHANGE

  Indirect            -0.003      0.004     -0.723      0.470
  Direct effect        0.000      0.000      0.000      1.000

Effects from F5 to CHANGE

  Indirect             0.007      0.004      1.807      0.071
  Direct effect        0.000      0.000      0.000      1.000

Effects from F6 to CHANGE

  Indirect            -0.023      0.005     -4.159      0.000
  Direct effect       -0.429      0.012    -34.397      0.000


STANDARDIZED TOTAL, INDIRECT, AND DIRECT EFFECTS BASED ON COUNTERFACTUALS (CAUSALLY-DEFINED EFFECTS)


STDYX Standardization

                                                    Two-Tailed
                    Estimate       S.E.  Est./S.E.    P-Value

Effects from F1 to CHANGE

NOT AVAILABLE.

Effects from F2 to CHANGE

NOT AVAILABLE.

Effects from F3 to CHANGE

NOT AVAILABLE.

Effects from F4 to CHANGE

NOT AVAILABLE.

Effects from F5 to CHANGE

NOT AVAILABLE.

Effects from F6 to CHANGE

NOT AVAILABLE.



DIAGRAM INFORMATION

  Use View Diagram under the Diagram menu in the Mplus Editor to view the diagram.
  If running Mplus from the Mplus Diagrammer, the diagram opens automatically.

  Diagram output
    \\apporto.com\dfs\nthw\users\fys47_northwestern\desktop\final\input_for_mplus\bike_longitudinal.dgm

     Beginning Time:  22:59:02
        Ending Time:  22:59:11
       Elapsed Time:  00:00:09



MUTHEN & MUTHEN
3463 Stoner Ave.
Los Angeles, CA  90066

Tel: (310) 391-9971
Fax: (310) 391-8971
Web: www.StatModel.com
Support: Support@StatModel.com

Copyright (c) 1998-2022 Muthen & Muthen
