Mplus VERSION 8.8
MUTHEN & MUTHEN
09/19/2022   9:58 PM

INPUT INSTRUCTIONS

  TITLE: covid data CFA;
  DATA: FILE IS data_bike.csv;
  VARIABLE: NAMES ARE prebike frebike intent educ age income hhveh bike prebzm white disab
     cov1-cov12 onl1-onl5 env1-env3 soc1-soc3 out1-out4;
            MISSING = .;
            USEVARIABLES ARE cov1-cov12 env1-env3 onl1-onl5 prebike bike frebike;
            CATEGORICAL = cov1-cov12 env1-env3 onl1-onl5 prebike bike;

  ANALYSIS:
            !ROTATION=VARIMAX;
             ROTATION=GEOMIN (oblique);
            !ESTIMATOR=ML;
            !ROTATION=PROMAX;
             PARAMETERIZATION=THETA;
             STARTS = 100;


  MODEL:
            f1 by cov1-cov4;
            f2 by cov11 cov12 cov3;
            f3 by cov5-cov10;
            f4 by env1-env3;
            f5 by onl1-onl5;
            f6 by prebike bike frebike



  OUTPUT:
            STDYX;
            MODINDICES;



INPUT READING TERMINATED NORMALLY



covid data CFA;

SUMMARY OF ANALYSIS

Number of groups                                                 1
Number of observations                                        8152

Number of dependent variables                                   23
Number of independent variables                                  0
Number of continuous latent variables                            6

Observed dependent variables

  Continuous
   FREBIKE

  Binary and ordered categorical (ordinal)
   COV1        COV2        COV3        COV4        COV5        COV6
   COV7        COV8        COV9        COV10       COV11       COV12
   ENV1        ENV2        ENV3        ONL1        ONL2        ONL3
   ONL4        ONL5        PREBIKE     BIKE

Continuous latent variables
   F1          F2          F3          F4          F5          F6


Estimator                                                    WLSMV
Maximum number of iterations                                  1000
Convergence criterion                                    0.500D-04
Maximum number of steepest descent iterations                   20
Maximum number of iterations for H1                           2000
Convergence criterion for H1                             0.100D-03
Random Starts Specifications
  Number of random starts                                      100
  Random starts scale                                    0.500D+01
Parameterization                                             THETA
Link                                                        PROBIT

Input data file(s)
  data_bike.csv

Input data format  FREE


SUMMARY OF DATA

     Number of missing data patterns            75


COVARIANCE COVERAGE OF DATA

Minimum covariance coverage value   0.100


     PROPORTION OF DATA PRESENT


           Covariance Coverage
              COV1          COV2          COV3          COV4          COV5
              ________      ________      ________      ________      ________
 COV1           0.998
 COV2           0.998         0.999
 COV3           0.997         0.998         0.999
 COV4           0.998         0.998         0.998         0.999
 COV5           0.598         0.599         0.599         0.599         0.599
 COV6           0.997         0.998         0.998         0.998         0.599
 COV7           0.997         0.997         0.997         0.997         0.598
 COV8           0.997         0.998         0.998         0.998         0.599
 COV9           0.997         0.998         0.997         0.997         0.598
 COV10          0.998         0.998         0.998         0.998         0.599
 COV11          0.997         0.998         0.998         0.998         0.599
 COV12          0.998         0.998         0.998         0.998         0.599
 ENV1           0.997         0.998         0.997         0.998         0.599
 ENV2           0.997         0.998         0.998         0.998         0.598
 ENV3           0.997         0.998         0.997         0.998         0.598
 ONL1           0.997         0.997         0.997         0.997         0.598
 ONL2           0.993         0.994         0.993         0.994         0.598
 ONL3           0.994         0.995         0.995         0.995         0.597
 ONL4           0.995         0.996         0.996         0.996         0.598
 ONL5           0.995         0.996         0.995         0.995         0.598
 PREBIKE        0.994         0.995         0.995         0.995         0.597
 BIKE           0.998         0.999         0.999         0.999         0.599
 FREBIKE        0.982         0.983         0.983         0.983         0.589


           Covariance Coverage
              COV6          COV7          COV8          COV9          COV10
              ________      ________      ________      ________      ________
 COV6           0.999
 COV7           0.997         0.998
 COV8           0.998         0.997         0.998
 COV9           0.998         0.997         0.998         0.998
 COV10          0.998         0.998         0.998         0.998         0.999
 COV11          0.998         0.997         0.997         0.997         0.998
 COV12          0.998         0.997         0.998         0.998         0.998
 ENV1           0.998         0.997         0.998         0.997         0.998
 ENV2           0.998         0.997         0.998         0.997         0.998
 ENV3           0.998         0.997         0.998         0.997         0.998
 ONL1           0.997         0.996         0.997         0.997         0.997
 ONL2           0.994         0.993         0.994         0.994         0.994
 ONL3           0.995         0.994         0.995         0.994         0.995
 ONL4           0.996         0.995         0.996         0.996         0.996
 ONL5           0.996         0.995         0.995         0.995         0.996
 PREBIKE        0.995         0.994         0.995         0.994         0.995
 BIKE           0.999         0.998         0.998         0.998         0.999
 FREBIKE        0.983         0.982         0.983         0.982         0.983


           Covariance Coverage
              COV11         COV12         ENV1          ENV2          ENV3
              ________      ________      ________      ________      ________
 COV11          0.998
 COV12          0.998         0.999
 ENV1           0.997         0.998         0.998
 ENV2           0.997         0.998         0.998         0.998
 ENV3           0.997         0.998         0.998         0.998         0.998
 ONL1           0.997         0.997         0.997         0.997         0.997
 ONL2           0.993         0.994         0.994         0.994         0.994
 ONL3           0.994         0.995         0.995         0.995         0.995
 ONL4           0.996         0.996         0.996         0.996         0.996
 ONL5           0.995         0.996         0.995         0.996         0.995
 PREBIKE        0.995         0.995         0.995         0.995         0.995
 BIKE           0.998         0.999         0.998         0.998         0.998
 FREBIKE        0.982         0.983         0.983         0.983         0.983


           Covariance Coverage
              ONL1          ONL2          ONL3          ONL4          ONL5
              ________      ________      ________      ________      ________
 ONL1           0.998
 ONL2           0.993         0.994
 ONL3           0.994         0.991         0.995
 ONL4           0.995         0.992         0.995         0.997
 ONL5           0.995         0.992         0.995         0.996         0.996
 PREBIKE        0.994         0.991         0.992         0.993         0.993
 BIKE           0.998         0.994         0.995         0.997         0.996
 FREBIKE        0.982         0.979         0.980         0.981         0.981


           Covariance Coverage
              PREBIKE       BIKE          FREBIKE
              ________      ________      ________
 PREBIKE        0.996
 BIKE           0.996         1.000
 FREBIKE        0.981         0.983         0.983


UNIVARIATE PROPORTIONS AND COUNTS FOR CATEGORICAL VARIABLES

    COV1
      Category 1    0.085          690.000
      Category 2    0.142         1154.000
      Category 3    0.163         1325.000
      Category 4    0.311         2534.000
      Category 5    0.299         2435.000
    COV2
      Category 1    0.049          399.000
      Category 2    0.074          606.000
      Category 3    0.122          995.000
      Category 4    0.358         2912.000
      Category 5    0.397         3231.000
    COV3
      Category 1    0.062          502.000
      Category 2    0.079          641.000
      Category 3    0.112          909.000
      Category 4    0.285         2322.000
      Category 5    0.463         3766.000
    COV4
      Category 1    0.101          825.000
      Category 2    0.158         1290.000
      Category 3    0.237         1929.000
      Category 4    0.295         2401.000
      Category 5    0.208         1696.000
    COV5
      Category 1    0.116          567.000
      Category 2    0.178          867.000
      Category 3    0.314         1531.000
      Category 4    0.239         1165.000
      Category 5    0.154          753.000
    COV6
      Category 1    0.046          378.000
      Category 2    0.226         1840.000
      Category 3    0.447         3635.000
      Category 4    0.205         1672.000
      Category 5    0.076          615.000
    COV7
      Category 1    0.026          208.000
      Category 2    0.052          422.000
      Category 3    0.194         1578.000
      Category 4    0.387         3145.000
      Category 5    0.342         2781.000
    COV8
      Category 1    0.459         3737.000
      Category 2    0.386         3139.000
      Category 3    0.107          870.000
      Category 4    0.029          237.000
      Category 5    0.019          156.000
    COV9
      Category 1    0.033          270.000
      Category 2    0.140         1142.000
      Category 3    0.378         3073.000
      Category 4    0.292         2374.000
      Category 5    0.157         1277.000
    COV10
      Category 1    0.025          206.000
      Category 2    0.054          441.000
      Category 3    0.202         1641.000
      Category 4    0.342         2788.000
      Category 5    0.376         3065.000
    COV11
      Category 1    0.471         3836.000
      Category 2    0.176         1431.000
      Category 3    0.118          960.000
      Category 4    0.138         1124.000
      Category 5    0.097          788.000
    COV12
      Category 1    0.309         2514.000
      Category 2    0.227         1846.000
      Category 3    0.169         1375.000
      Category 4    0.167         1363.000
      Category 5    0.128         1045.000
    ENV1
      Category 1    0.027          222.000
      Category 2    0.070          569.000
      Category 3    0.252         2049.000
      Category 4    0.421         3427.000
      Category 5    0.230         1871.000
    ENV2
      Category 1    0.079          643.000
      Category 2    0.166         1355.000
      Category 3    0.299         2436.000
      Category 4    0.290         2364.000
      Category 5    0.165         1341.000
    ENV3
      Category 1    0.152         1233.000
      Category 2    0.174         1412.000
      Category 3    0.272         2213.000
      Category 4    0.255         2073.000
      Category 5    0.148         1207.000
    ONL1
      Category 1    0.040          329.000
      Category 2    0.062          502.000
      Category 3    0.171         1394.000
      Category 4    0.375         3050.000
      Category 5    0.351         2858.000
    ONL2
      Category 1    0.071          577.000
      Category 2    0.075          610.000
      Category 3    0.349         2833.000
      Category 4    0.245         1987.000
      Category 5    0.259         2100.000
    ONL3
      Category 1    0.038          311.000
      Category 2    0.077          628.000
      Category 3    0.192         1560.000
      Category 4    0.406         3294.000
      Category 5    0.286         2322.000
    ONL4
      Category 1    0.130         1054.000
      Category 2    0.187         1516.000
      Category 3    0.169         1373.000
      Category 4    0.325         2640.000
      Category 5    0.190         1541.000
    ONL5
      Category 1    0.141         1146.000
      Category 2    0.184         1496.000
      Category 3    0.214         1738.000
      Category 4    0.291         2367.000
      Category 5    0.169         1374.000
    PREBIKE
      Category 1    0.645         5239.000
      Category 2    0.123          997.000
      Category 3    0.110          893.000
      Category 4    0.092          744.000
      Category 5    0.030          244.000
    BIKE
      Category 1    0.537         4379.000
      Category 2    0.463         3773.000



UNIVARIATE SAMPLE STATISTICS


     UNIVARIATE HIGHER-ORDER MOMENT DESCRIPTIVE STATISTICS

         Variable/         Mean/     Skewness/   Minimum/ % with                Percentiles
        Sample Size      Variance    Kurtosis    Maximum  Min/Max      20%/60%    40%/80%    Median

     FREBIKE               0.537       2.910       0.000   79.14%       0.000      0.000      0.000
            8016.000       1.681       8.729       7.000    1.05%       0.000      1.000


RANDOM STARTS RESULTS RANKED FROM THE BEST TO THE WORST FIT FUNCTION VALUES

Fit function values at local maxima and random start numbers:

      0.30033987D+00         73
      0.30033987D+00         23
      0.30033987D+00         38
      0.30033987D+00         90
      0.30033987D+00         71
      0.30033987D+00         18
      0.30033987D+00         72
      0.30033987D+00         98
      0.30033987D+00         9
      0.30033987D+00         47
      0.30033987D+00         42
      0.30033987D+00         65
      0.30033987D+00         37
      0.30033988D+00         26
      0.30033988D+00         20
      0.30033988D+00         76
      0.30033988D+00         1
      0.30033988D+00         75
      0.30033988D+00         59
      0.30033988D+00         14
      0.30033988D+00         86
      0.30033989D+00         45
      0.30033989D+00         94
      0.30033989D+00         68
      0.30033990D+00         10
      0.30033991D+00         unperturbed
      0.30034237D+00         2

74 starting value run(s) did not converge.

THE MODEL ESTIMATION TERMINATED NORMALLY



MODEL FIT INFORMATION

Number of Free Parameters                      126

Chi-Square Test of Model Fit

          Value                           5985.041*
          Degrees of Freedom                   214
          P-Value                           0.0000

*   The chi-square value for MLM, MLMV, MLR, ULSMV, WLSM and WLSMV cannot be used
    for chi-square difference testing in the regular way.  MLM, MLR and WLSM
    chi-square difference testing is described on the Mplus website.  MLMV, WLSMV,
    and ULSMV difference testing is done using the DIFFTEST option.

RMSEA (Root Mean Square Error Of Approximation)

          Estimate                           0.058
          90 Percent C.I.                    0.056  0.059
          Probability RMSEA <= .05           0.000

CFI/TLI

          CFI                                0.952
          TLI                                0.943

Chi-Square Test of Model Fit for the Baseline Model

          Value                         119475.418
          Degrees of Freedom                   253
          P-Value                           0.0000

SRMR (Standardized Root Mean Square Residual)

          Value                              0.040

Optimum Function Value for Weighted Least-Squares Estimator

          Value                     0.30033987D+00



MODEL RESULTS

                                                    Two-Tailed
                    Estimate       S.E.  Est./S.E.    P-Value

 F1       BY
    COV1               1.000      0.000    999.000    999.000
    COV2               0.991      0.028     35.347      0.000
    COV3               0.824      0.032     26.125      0.000
    COV4               0.712      0.021     33.356      0.000

 F2       BY
    COV11              1.000      0.000    999.000    999.000
    COV12              0.570      0.035     16.086      0.000
    COV3              -0.271      0.016    -16.486      0.000

 F3       BY
    COV5               1.000      0.000    999.000    999.000
    COV6               1.422      0.046     31.074      0.000
    COV7               1.736      0.058     29.774      0.000
    COV8               0.696      0.025     27.441      0.000
    COV9               1.443      0.046     31.046      0.000
    COV10              1.787      0.061     29.449      0.000

 F4       BY
    ENV1               1.000      0.000    999.000    999.000
    ENV2               0.980      0.037     26.504      0.000
    ENV3               1.013      0.037     27.314      0.000

 F5       BY
    ONL1               1.000      0.000    999.000    999.000
    ONL2               0.957      0.051     18.799      0.000
    ONL3               2.529      0.117     21.627      0.000
    ONL4               2.319      0.110     21.019      0.000
    ONL5               2.554      0.125     20.365      0.000

 F6       BY
    PREBIKE            1.000      0.000    999.000    999.000
    BIKE               0.539      0.048     11.270      0.000
    FREBIKE            0.276      0.019     14.245      0.000

 F2       WITH
    F1                -1.887      0.105    -17.987      0.000

 F3       WITH
    F1                 0.632      0.026     24.487      0.000
    F2                -1.027      0.062    -16.463      0.000

 F4       WITH
    F1                 0.600      0.027     22.569      0.000
    F2                -1.189      0.075    -15.829      0.000
    F3                 0.287      0.017     17.118      0.000

 F5       WITH
    F1                 0.207      0.012     17.969      0.000
    F2                -0.288      0.023    -12.652      0.000
    F3                 0.129      0.008     16.148      0.000
    F4                 0.172      0.011     16.067      0.000

 F6       WITH
    F1                -0.007      0.053     -0.128      0.898
    F2                 0.755      0.129      5.840      0.000
    F3                -0.036      0.034     -1.064      0.287
    F4                 1.051      0.090     11.655      0.000
    F5                 0.014      0.019      0.742      0.458

 Intercepts
    FREBIKE            0.537      0.032     17.013      0.000

 Thresholds
    COV1$1            -2.125      0.034    -62.760      0.000
    COV1$2            -1.161      0.026    -45.467      0.000
    COV1$3            -0.435      0.022    -19.430      0.000
    COV1$4             0.815      0.023     36.088      0.000
    COV2$1            -2.547      0.040    -62.927      0.000
    COV2$2            -1.783      0.031    -56.658      0.000
    COV2$3            -1.060      0.026    -41.283      0.000
    COV2$4             0.403      0.021     18.979      0.000
    COV3$1            -2.783      0.050    -55.784      0.000
    COV3$2            -1.948      0.040    -49.018      0.000
    COV3$3            -1.206      0.033    -36.907      0.000
    COV3$4             0.169      0.025      6.880      0.000
    COV4$1            -1.664      0.026    -62.970      0.000
    COV4$2            -0.841      0.020    -41.124      0.000
    COV4$3            -0.011      0.018     -0.587      0.557
    COV4$4             1.061      0.021     50.888      0.000
    COV5$1            -1.537      0.032    -48.665      0.000
    COV5$2            -0.698      0.025    -28.043      0.000
    COV5$3             0.350      0.023     14.957      0.000
    COV5$4             1.310      0.029     45.450      0.000
    COV6$1            -2.562      0.041    -62.425      0.000
    COV6$2            -0.923      0.024    -38.663      0.000
    COV6$3             0.884      0.023     38.710      0.000
    COV6$4             2.188      0.033     65.933      0.000
    COV7$1            -3.363      0.058    -58.030      0.000
    COV7$2            -2.453      0.042    -57.894      0.000
    COV7$3            -1.049      0.029    -36.693      0.000
    COV7$4             0.702      0.024     29.012      0.000
    COV8$1            -0.118      0.016     -7.378      0.000
    COV8$2             1.164      0.020     59.092      0.000
    COV8$3             1.907      0.028     69.165      0.000
    COV8$4             2.378      0.038     63.129      0.000
    COV9$1            -2.823      0.044    -63.629      0.000
    COV9$2            -1.446      0.027    -53.719      0.000
    COV9$3             0.198      0.021      9.283      0.000
    COV9$4             1.549      0.026     59.266      0.000
    COV10$1           -3.437      0.060    -56.922      0.000
    COV10$2           -2.477      0.044    -55.955      0.000
    COV10$3           -1.019      0.029    -35.111      0.000
    COV10$4            0.553      0.024     22.785      0.000
    COV11$1           -0.195      0.037     -5.287      0.000
    COV11$2            1.025      0.059     17.396      0.000
    COV11$3            1.963      0.089     22.061      0.000
    COV11$4            3.530      0.144     24.512      0.000
    COV12$1           -0.875      0.026    -33.544      0.000
    COV12$2            0.156      0.025      6.324      0.000
    COV12$3            0.940      0.029     32.944      0.000
    COV12$4            1.987      0.040     50.259      0.000
    ENV1$1            -2.994      0.056    -53.648      0.000
    ENV1$2            -2.021      0.038    -53.788      0.000
    ENV1$3            -0.604      0.024    -25.407      0.000
    ENV1$4             1.151      0.026     43.549      0.000
    ENV2$1            -2.173      0.038    -57.593      0.000
    ENV2$2            -1.060      0.026    -40.983      0.000
    ENV2$3             0.173      0.021      8.093      0.000
    ENV2$4             1.500      0.029     51.820      0.000
    ENV3$1            -1.616      0.032    -50.695      0.000
    ENV3$2            -0.712      0.024    -29.544      0.000
    ENV3$3             0.385      0.022     17.268      0.000
    ENV3$4             1.638      0.031     52.301      0.000
    ONL1$1            -1.894      0.028    -67.515      0.000
    ONL1$2            -1.377      0.021    -65.274      0.000
    ONL1$3            -0.653      0.016    -39.903      0.000
    ONL1$4             0.414      0.016     26.691      0.000
    ONL2$1            -1.582      0.023    -67.678      0.000
    ONL2$2            -1.134      0.019    -59.694      0.000
    ONL2$3            -0.011      0.015     -0.744      0.457
    ONL2$4             0.697      0.016     42.626      0.000
    ONL3$1            -2.587      0.046    -55.924      0.000
    ONL3$2            -1.749      0.033    -53.448      0.000
    ONL3$3            -0.733      0.023    -31.556      0.000
    ONL3$4             0.825      0.023     36.222      0.000
    ONL4$1            -1.577      0.028    -56.690      0.000
    ONL4$2            -0.668      0.021    -31.808      0.000
    ONL4$3            -0.051      0.019     -2.639      0.008
    ONL4$4             1.229      0.025     49.227      0.000
    ONL5$1            -1.580      0.031    -51.740      0.000
    ONL5$2            -0.665      0.022    -29.833      0.000
    ONL5$3             0.145      0.021      7.074      0.000
    ONL5$4             1.407      0.029     48.991      0.000
    PREBIKE$1          1.194      0.086     13.840      0.000
    PREBIKE$2          2.348      0.148     15.872      0.000
    PREBIKE$3          3.735      0.224     16.683      0.000
    PREBIKE$4          6.020      0.346     17.382      0.000
    BIKE$1             0.179      0.027      6.525      0.000

 Variances
    F1                 1.394      0.056     25.119      0.000
    F2                 6.376      0.603     10.571      0.000
    F3                 0.655      0.038     17.340      0.000
    F4                 1.425      0.071     19.988      0.000
    F5                 0.178      0.014     12.666      0.000
    F6                 9.253      1.226      7.545      0.000

 Residual Variances
    FREBIKE            0.978      0.013     76.154      0.000


QUALITY OF NUMERICAL RESULTS

     Condition Number for the Information Matrix              0.660E-05
       (ratio of smallest to largest eigenvalue)


STANDARDIZED MODEL RESULTS


STDYX Standardization

                                                    Two-Tailed
                    Estimate       S.E.  Est./S.E.    P-Value

 F1       BY
    COV1               0.763      0.006    120.284      0.000
    COV2               0.760      0.007    114.424      0.000
    COV3               0.539      0.012     43.501      0.000
    COV4               0.643      0.009     74.307      0.000

 F2       BY
    COV11              0.930      0.006    155.933      0.000
    COV12              0.821      0.006    135.237      0.000
    COV3              -0.379      0.012    -31.083      0.000

 F3       BY
    COV5               0.629      0.011     57.399      0.000
    COV6               0.755      0.006    126.004      0.000
    COV7               0.815      0.005    149.243      0.000
    COV8               0.491      0.010     48.333      0.000
    COV9               0.760      0.006    135.948      0.000
    COV10              0.823      0.006    149.379      0.000

 F4       BY
    ENV1               0.767      0.008     96.944      0.000
    ENV2               0.760      0.007    101.369      0.000
    ENV3               0.771      0.008     97.566      0.000

 F5       BY
    ONL1               0.388      0.013     29.830      0.000
    ONL2               0.374      0.013     28.473      0.000
    ONL3               0.729      0.009     79.868      0.000
    ONL4               0.699      0.009     76.849      0.000
    ONL5               0.733      0.009     80.343      0.000

 F6       BY
    PREBIKE            0.950      0.006    154.714      0.000
    BIKE               0.854      0.007    117.247      0.000
    FREBIKE            0.647      0.006    106.409      0.000

 F2       WITH
    F1                -0.633      0.010    -65.365      0.000

 F3       WITH
    F1                 0.661      0.009     75.327      0.000
    F2                -0.502      0.010    -49.796      0.000

 F4       WITH
    F1                 0.425      0.012     36.103      0.000
    F2                -0.395      0.012    -33.082      0.000
    F3                 0.297      0.012     24.526      0.000

 F5       WITH
    F1                 0.416      0.012     34.161      0.000
    F2                -0.270      0.013    -20.541      0.000
    F3                 0.377      0.012     30.692      0.000
    F4                 0.343      0.013     26.828      0.000

 F6       WITH
    F1                -0.002      0.015     -0.128      0.898
    F2                 0.098      0.015      6.750      0.000
    F3                -0.015      0.014     -1.064      0.287
    F4                 0.289      0.013     21.485      0.000
    F5                 0.011      0.015      0.743      0.457

 Intercepts
    FREBIKE            0.414      0.027     15.275      0.000

 Thresholds
    COV1$1            -1.374      0.020    -69.088      0.000
    COV1$2            -0.750      0.015    -48.673      0.000
    COV1$3            -0.281      0.014    -19.927      0.000
    COV1$4             0.527      0.015     36.032      0.000
    COV2$1            -1.655      0.024    -70.196      0.000
    COV2$2            -1.158      0.018    -64.823      0.000
    COV2$3            -0.688      0.015    -45.426      0.000
    COV2$4             0.262      0.014     18.608      0.000
    COV3$1            -1.541      0.022    -70.338      0.000
    COV3$2            -1.078      0.017    -62.462      0.000
    COV3$3            -0.668      0.015    -44.297      0.000
    COV3$4             0.094      0.014      6.738      0.000
    COV4$1            -1.274      0.019    -67.499      0.000
    COV4$2            -0.644      0.015    -42.961      0.000
    COV4$3            -0.008      0.014     -0.587      0.557
    COV4$4             0.812      0.016     51.764      0.000
    COV5$1            -1.195      0.023    -50.926      0.000
    COV5$2            -0.543      0.019    -28.669      0.000
    COV5$3             0.272      0.018     14.965      0.000
    COV5$4             1.019      0.022     46.803      0.000
    COV6$1            -1.680      0.024    -70.041      0.000
    COV6$2            -0.605      0.015    -40.743      0.000
    COV6$3             0.580      0.015     39.256      0.000
    COV6$4             1.436      0.021     69.767      0.000
    COV7$1            -1.950      0.029    -66.369      0.000
    COV7$2            -1.422      0.020    -69.619      0.000
    COV7$3            -0.608      0.015    -40.908      0.000
    COV7$4             0.407      0.014     28.435      0.000
    COV8$1            -0.103      0.014     -7.370      0.000
    COV8$2             1.014      0.017     60.278      0.000
    COV8$3             1.662      0.024     70.143      0.000
    COV8$4             2.071      0.033     63.646      0.000
    COV9$1            -1.836      0.027    -68.377      0.000
    COV9$2            -0.940      0.016    -57.420      0.000
    COV9$3             0.129      0.014      9.244      0.000
    COV9$4             1.007      0.017     59.997      0.000
    COV10$1           -1.955      0.029    -66.307      0.000
    COV10$2           -1.409      0.020    -69.510      0.000
    COV10$3           -0.580      0.015    -39.243      0.000
    COV10$4            0.315      0.014     22.251      0.000
    COV11$1           -0.072      0.014     -5.176      0.000
    COV11$2            0.378      0.014     26.482      0.000
    COV11$3            0.723      0.015     47.254      0.000
    COV11$4            1.300      0.019     67.969      0.000
    COV12$1           -0.499      0.015    -34.357      0.000
    COV12$2            0.089      0.014      6.393      0.000
    COV12$3            0.537      0.015     36.662      0.000
    COV12$4            1.134      0.018     64.165      0.000
    ENV1$1            -1.922      0.029    -66.930      0.000
    ENV1$2            -1.298      0.019    -67.927      0.000
    ENV1$3            -0.388      0.014    -27.176      0.000
    ENV1$4             0.739      0.015     48.108      0.000
    ENV2$1            -1.412      0.020    -69.534      0.000
    ENV2$2            -0.689      0.015    -45.437      0.000
    ENV2$3             0.112      0.014      8.079      0.000
    ENV2$4             0.975      0.017     58.809      0.000
    ENV3$1            -1.030      0.017    -60.826      0.000
    ENV3$2            -0.454      0.014    -31.452      0.000
    ENV3$3             0.245      0.014     17.476      0.000
    ENV3$4             1.044      0.017     61.302      0.000
    ONL1$1            -1.745      0.025    -69.482      0.000
    ONL1$2            -1.269      0.019    -67.374      0.000
    ONL1$3            -0.602      0.015    -40.534      0.000
    ONL1$4             0.382      0.014     26.733      0.000
    ONL2$1            -1.467      0.021    -69.869      0.000
    ONL2$2            -1.052      0.017    -61.464      0.000
    ONL2$3            -0.010      0.014     -0.744      0.457
    ONL2$4             0.646      0.015     43.003      0.000
    ONL3$1            -1.770      0.026    -69.140      0.000
    ONL3$2            -1.197      0.018    -65.702      0.000
    ONL3$3            -0.502      0.015    -34.436      0.000
    ONL3$4             0.565      0.015     38.285      0.000
    ONL4$1            -1.128      0.018    -63.898      0.000
    ONL4$2            -0.478      0.014    -32.966      0.000
    ONL4$3            -0.037      0.014     -2.640      0.008
    ONL4$4             0.879      0.016     54.786      0.000
    ONL5$1            -1.075      0.017    -62.288      0.000
    ONL5$2            -0.453      0.014    -31.364      0.000
    ONL5$3             0.099      0.014      7.090      0.000
    ONL5$4             0.957      0.016     58.054      0.000
    PREBIKE$1          0.373      0.014     26.143      0.000
    PREBIKE$2          0.733      0.015     47.735      0.000
    PREBIKE$3          1.166      0.018     64.942      0.000
    PREBIKE$4          1.880      0.028     67.602      0.000
    BIKE$1             0.093      0.014      6.711      0.000

 Variances
    F1                 1.000      0.000    999.000    999.000
    F2                 1.000      0.000    999.000    999.000
    F3                 1.000      0.000    999.000    999.000
    F4                 1.000      0.000    999.000    999.000
    F5                 1.000      0.000    999.000    999.000
    F6                 1.000      0.000    999.000    999.000

 Residual Variances
    FREBIKE            0.582      0.008     74.032      0.000


R-SQUARE

    Observed                                        Two-Tailed     Scale
    Variable        Estimate       S.E.  Est./S.E.    P-Value     Factors

    COV1               0.582      0.010     60.142      0.000      0.646
    COV2               0.578      0.010     57.212      0.000      0.650
    COV3               0.693      0.010     72.296      0.000      0.554
    COV4               0.414      0.011     37.154      0.000      0.766
    COV5               0.396      0.014     28.700      0.000      0.777
    COV6               0.570      0.009     63.002      0.000      0.656
    COV7               0.664      0.009     74.621      0.000      0.580
    COV8               0.241      0.010     24.166      0.000      0.871
    COV9               0.577      0.008     67.974      0.000      0.650
    COV10              0.677      0.009     74.689      0.000      0.569
    COV11              0.864      0.011     77.966      0.000      0.368
    COV12              0.674      0.010     67.618      0.000      0.571
    ENV1               0.588      0.012     48.472      0.000      0.642
    ENV2               0.578      0.011     50.685      0.000      0.650
    ENV3               0.594      0.012     48.783      0.000      0.637
    ONL1               0.151      0.010     14.915      0.000      0.922
    ONL2               0.140      0.010     14.236      0.000      0.927
    ONL3               0.532      0.013     39.934      0.000      0.684
    ONL4               0.489      0.013     38.424      0.000      0.715
    ONL5               0.537      0.013     40.172      0.000      0.681
    PREBIKE            0.902      0.012     77.357      0.000      0.312
    BIKE               0.729      0.012     58.623      0.000      0.521
    FREBIKE            0.418      0.008     53.205      0.000


MODEL MODIFICATION INDICES

NOTE:  Modification indices for direct effects of observed dependent variables
regressed on covariates and residual covariances among observed dependent
variables may not be included.  To include these, request MODINDICES (ALL).

Minimum M.I. value for printing the modification index    10.000

                                   M.I.     E.P.C.  Std E.P.C.  StdYX E.P.C.

BY Statements

F1       BY COV5                  71.853     0.147      0.173        0.135
F1       BY COV7                  25.350    -0.101     -0.119       -0.069
F1       BY COV8                  23.865    -0.069     -0.082       -0.071
F1       BY COV9                  67.076    -0.141     -0.166       -0.108
F1       BY COV10                 75.247     0.177      0.209        0.119
F1       BY COV11                 12.528    -0.319     -0.377       -0.139
F1       BY COV12                 12.548     0.182      0.215        0.123
F1       BY ENV1                  19.532    -0.055     -0.065       -0.042
F1       BY ENV2                 562.833    -0.298     -0.352       -0.229
F1       BY ENV3                 715.463     0.329      0.389        0.248
F1       BY ONL5                  36.584     0.073      0.086        0.058
F1       BY PREBIKE               22.678     0.099      0.117        0.037
F1       BY BIKE                  60.214    -0.094     -0.111       -0.058
F2       BY COV1                  15.332     0.045      0.114        0.073
F2       BY COV4                  30.929    -0.049     -0.122       -0.094
F2       BY COV5                  28.980    -0.036     -0.090       -0.070
F2       BY COV8                 156.915     0.066      0.167        0.145
F2       BY COV9                  52.432     0.047      0.120        0.078
F2       BY COV10                200.179    -0.108     -0.273       -0.155
F2       BY ENV1                  18.136     0.026      0.066        0.042
F2       BY ENV2                 455.071     0.130      0.329        0.214
F2       BY ENV3                 596.538    -0.147     -0.370       -0.236
F2       BY ONL5                  46.087    -0.036     -0.092       -0.063
F2       BY PREBIKE               14.212    -0.041     -0.103       -0.032
F2       BY BIKE                  37.341     0.039      0.097        0.051
F3       BY COV2                  24.661    -0.146     -0.118       -0.077
F3       BY COV3                  39.908     0.196      0.159        0.088
F3       BY ENV1                  22.690    -0.075     -0.061       -0.039
F3       BY ENV2                 561.244    -0.371     -0.300       -0.195
F3       BY ENV3                 741.771     0.421      0.341        0.217
F3       BY ONL3                  16.607    -0.066     -0.053       -0.037
F3       BY ONL5                  52.415     0.117      0.095        0.065
F3       BY PREBIKE               19.982     0.135      0.109        0.034
F3       BY BIKE                  56.441    -0.132     -0.107       -0.056
F4       BY COV1                 133.305    -0.169     -0.202       -0.130
F4       BY COV2                  58.640    -0.112     -0.134       -0.087
F4       BY COV3                  40.590     0.102      0.121        0.067
F4       BY COV4                 235.551     0.172      0.205        0.157
F4       BY COV5                  76.362     0.099      0.118        0.091
F4       BY COV6                  25.950     0.056      0.067        0.044
F4       BY COV7                 152.966    -0.164     -0.196       -0.114
F4       BY COV9                  12.799    -0.040     -0.048       -0.031
F4       BY COV10                 17.590     0.057      0.068        0.039
F4       BY COV11                 16.632     0.126      0.150        0.055
F4       BY ONL1                  11.717    -0.029     -0.034       -0.032
F4       BY ONL2                  28.243     0.043      0.051        0.048
F4       BY PREBIKE               43.149     0.180      0.214        0.067
F4       BY BIKE                  91.209    -0.152     -0.181       -0.094
F5       BY COV1                  92.245    -0.415     -0.175       -0.113
F5       BY COV2                 121.863    -0.480     -0.202       -0.131
F5       BY COV3                 184.620     0.650      0.274        0.152
F5       BY COV4                 124.924     0.371      0.156        0.120
F5       BY COV5                  14.806     0.138      0.058        0.045
F5       BY COV6                  46.900     0.241      0.102        0.067
F5       BY COV7                  38.307    -0.263     -0.111       -0.064
F5       BY COV8                  28.897     0.149      0.063        0.055
F5       BY COV9                  49.455    -0.252     -0.106       -0.069
F5       BY COV11                 26.855     0.454      0.191        0.070
F5       BY ENV2                 202.328    -0.547     -0.230       -0.150
F5       BY ENV3                 190.665     0.534      0.225        0.143
F5       BY PREBIKE               24.820     0.362      0.153        0.048
F5       BY BIKE                  67.287    -0.347     -0.146       -0.076
F6       BY COV1                  60.694    -0.040     -0.120       -0.078
F6       BY COV4                  55.348     0.029      0.090        0.069
F6       BY COV5                  28.209     0.024      0.072        0.056
F6       BY COV6                  29.882     0.024      0.074        0.048
F6       BY COV7                  81.758    -0.048     -0.145       -0.084
F6       BY ENV2                 276.854     0.085      0.259        0.168
F6       BY ENV3                 239.725    -0.082     -0.250       -0.159
F6       BY ONL2                  87.810     0.029      0.087        0.081
F6       BY ONL4                  10.480    -0.014     -0.042       -0.030
F6       BY ONL5                  17.615    -0.019     -0.058       -0.040

WITH Statements

COV2     WITH COV1               831.277     0.682      0.682        0.682
COV3     WITH COV1               188.424    -0.414     -0.414       -0.414
COV3     WITH COV2                89.172    -0.278     -0.278       -0.278
COV4     WITH COV1               106.623    -0.219     -0.219       -0.219
COV4     WITH COV2               219.473    -0.329     -0.329       -0.329
COV4     WITH COV3                92.873     0.221      0.221        0.221
COV5     WITH COV1                10.133     0.077      0.077        0.077
COV5     WITH COV3                18.016     0.127      0.127        0.127
COV6     WITH COV5               153.971     0.252      0.252        0.252
COV7     WITH COV5                69.305    -0.229     -0.229       -0.229
COV8     WITH COV2                72.154    -0.183     -0.183       -0.183
COV8     WITH COV4                67.432     0.138      0.138        0.138
COV8     WITH COV5                16.662     0.081      0.081        0.081
COV8     WITH COV6               562.776     0.394      0.394        0.394
COV8     WITH COV7               139.994    -0.279     -0.279       -0.279
COV9     WITH COV2                11.329    -0.081     -0.081       -0.081
COV9     WITH COV3                10.871    -0.094     -0.094       -0.094
COV9     WITH COV5                66.738    -0.195     -0.195       -0.195
COV9     WITH COV6                96.497    -0.206     -0.206       -0.206
COV9     WITH COV7               112.542     0.231      0.231        0.231
COV10    WITH COV3                26.477     0.159      0.159        0.159
COV10    WITH COV5               106.325    -0.298     -0.298       -0.298
COV10    WITH COV6               253.834    -0.416     -0.416       -0.416
COV10    WITH COV7                16.565     0.105      0.105        0.105
COV10    WITH COV8               186.729    -0.335     -0.335       -0.335
COV10    WITH COV9               106.304     0.229      0.229        0.229
COV11    WITH COV1                18.274    -0.189     -0.189       -0.189
COV11    WITH COV2                36.147    -0.268     -0.268       -0.268
COV11    WITH COV3                14.437     0.240      0.240        0.240
COV11    WITH COV6                15.086     0.169      0.169        0.169
COV11    WITH COV7                12.439    -0.177     -0.177       -0.177
COV11    WITH COV8               173.841     0.481      0.481        0.481
COV11    WITH COV10               85.664    -0.456     -0.456       -0.456
COV12    WITH COV8                65.399     0.186      0.186        0.186
COV12    WITH COV10               44.104    -0.212     -0.212       -0.212
COV12    WITH COV11               52.148     2.195      2.195        2.195
ENV1     WITH COV1                12.544    -0.094     -0.094       -0.094
ENV1     WITH COV2                16.324    -0.108     -0.108       -0.108
ENV1     WITH COV4                26.759     0.111      0.111        0.111
ENV1     WITH COV7                23.179    -0.144     -0.144       -0.144
ENV2     WITH COV1                96.727    -0.259     -0.259       -0.259
ENV2     WITH COV2                54.455    -0.197     -0.197       -0.197
ENV2     WITH COV4                18.420     0.088      0.088        0.088
ENV2     WITH COV7               162.487    -0.374     -0.374       -0.374
ENV2     WITH COV9                52.621    -0.182     -0.182       -0.182
ENV2     WITH COV10               42.393    -0.197     -0.197       -0.197
ENV2     WITH COV11               30.872     0.275      0.275        0.275
ENV2     WITH ENV1               423.235     0.559      0.559        0.559
ENV3     WITH COV3                70.163     0.248      0.248        0.248
ENV3     WITH COV4                95.846     0.201      0.201        0.201
ENV3     WITH COV5                45.284     0.175      0.175        0.175
ENV3     WITH COV6                70.463     0.204      0.204        0.204
ENV3     WITH COV8               123.012     0.222      0.222        0.222
ENV3     WITH COV9                35.095     0.147      0.147        0.147
ENV3     WITH COV10               75.193     0.255      0.255        0.255
ENV3     WITH COV12               24.586    -0.144     -0.144       -0.144
ENV3     WITH ENV1               283.443    -0.510     -0.510       -0.510
ENV3     WITH ENV2                26.455    -0.147     -0.147       -0.147
ONL1     WITH COV6                11.537     0.061      0.061        0.061
ONL1     WITH ENV2                11.321    -0.062     -0.062       -0.062
ONL1     WITH ENV3                27.366    -0.100     -0.100       -0.100
ONL2     WITH COV1                19.955    -0.083     -0.083       -0.083
ONL2     WITH COV4                15.418     0.059      0.059        0.059
ONL2     WITH COV11               11.799     0.119      0.119        0.119
ONL2     WITH ENV1                22.490     0.087      0.087        0.087
ONL2     WITH ONL1               100.335     0.129      0.129        0.129
ONL3     WITH COV1                21.416    -0.117     -0.117       -0.117
ONL3     WITH COV3                18.579     0.127      0.127        0.127
ONL3     WITH COV8                37.988    -0.121     -0.121       -0.121
ONL3     WITH COV9                15.348    -0.094     -0.094       -0.094
ONL3     WITH ONL1                31.489     0.101      0.101        0.101
ONL3     WITH ONL2                78.936     0.155      0.155        0.155
ONL4     WITH COV2                62.839    -0.193     -0.193       -0.193
ONL4     WITH COV3                31.288     0.155      0.155        0.155
ONL4     WITH COV4                31.193     0.104      0.104        0.104
ONL4     WITH COV7                11.146    -0.090     -0.090       -0.090
ONL4     WITH COV8                54.243     0.135      0.135        0.135
ONL4     WITH ONL1                28.555    -0.095     -0.095       -0.095
ONL4     WITH ONL2               198.481    -0.250     -0.250       -0.250
ONL4     WITH ONL3                29.409     0.124      0.124        0.124
ONL5     WITH COV2                52.399    -0.185     -0.185       -0.185
ONL5     WITH COV3                51.561     0.205      0.205        0.205
ONL5     WITH COV4                22.109     0.093      0.093        0.093
ONL5     WITH COV6                31.179     0.129      0.129        0.129
ONL5     WITH COV8               121.847     0.208      0.208        0.208
ONL5     WITH ENV3                19.654     0.106      0.106        0.106
ONL5     WITH ONL1                28.596    -0.101     -0.101       -0.101
ONL5     WITH ONL3               103.924    -0.264     -0.264       -0.264
ONL5     WITH ONL4                49.743     0.162      0.162        0.162
PREBIKE  WITH COV4                18.429     0.238      0.238        0.238
PREBIKE  WITH COV6                14.146     0.237      0.237        0.237
PREBIKE  WITH COV7                16.474    -0.301     -0.301       -0.301
PREBIKE  WITH ENV2               119.369     0.683      0.683        0.683
PREBIKE  WITH ONL2                21.409     0.209      0.209        0.209
BIKE     WITH COV1                26.082    -0.214     -0.214       -0.214
BIKE     WITH COV8                61.581    -0.243     -0.243       -0.243
BIKE     WITH ENV3                86.525    -0.395     -0.395       -0.395
BIKE     WITH ONL2                37.843     0.172      0.172        0.172
BIKE     WITH ONL4                34.083    -0.217     -0.217       -0.217
BIKE     WITH ONL5                44.240    -0.259     -0.259       -0.259
FREBIKE  WITH COV4                11.321     0.062      0.062        0.062
FREBIKE  WITH COV5                17.304     0.093      0.093        0.094
FREBIKE  WITH COV7                12.452    -0.084     -0.084       -0.085
FREBIKE  WITH ENV2                41.877     0.134      0.134        0.136
FREBIKE  WITH ENV3                11.462    -0.071     -0.071       -0.072
FREBIKE  WITH PREBIKE             62.363    -0.962     -0.962       -0.973
FREBIKE  WITH BIKE                39.356     0.386      0.386        0.391


DIAGRAM INFORMATION

  Use View Diagram under the Diagram menu in the Mplus Editor to view the diagram.
  If running Mplus from the Mplus Diagrammer, the diagram opens automatically.

  Diagram output
    \\apporto.com\dfs\nthw\users\fys47_northwestern\desktop\final\input_for_mplus\cfa.dgm

     Beginning Time:  21:58:22
        Ending Time:  21:58:51
       Elapsed Time:  00:00:29



MUTHEN & MUTHEN
3463 Stoner Ave.
Los Angeles, CA  90066

Tel: (310) 391-9971
Fax: (310) 391-8971
Web: www.StatModel.com
Support: Support@StatModel.com

Copyright (c) 1998-2022 Muthen & Muthen
